Arguments: 
  /home/lex/.nvm/versions/node/v14.21.3/bin/node /home/lex/.nvm/versions/node/v14.21.3/bin/yarn

PATH: 
  /home/lex/bin:/home/lex/bin:/home/lex/.nvm/versions/node/v14.21.3/bin:/usr/local/sbin:/usr/local/bin:/usr/bin:/usr/bin/site_perl:/usr/bin/vendor_perl:/usr/bin/core_perl

Yarn version: 
  1.22.19

Node version: 
  14.21.3

Platform: 
  linux x64

Trace: 
  Error: ENOSPC: no space left on device, copyfile '/home/lex/.cache/yarn/v6/npm-@babel-parser-7.22.3-838ae31893373222cd9062568e2192c670037e00-integrity/node_modules/@babel/parser/lib/parser/index.js' -> '/home/lex/project/pug/pug-estate-agency/node_modules/@babel/parser/lib/parser/index.js'

npm manifest: 
  {
    "name": "start-template.loc",
    "version": "1.0.0",
    "description": "Главная ветка - final",
    "main": "gulpfile.js",
    "scripts": {
      "test": "echo \"Error: no test specified\" && exit 1"
    },
    "repository": {
      "type": "git",
      "url": "git+https://github.com/seriiserii825/start-template.loc.git"
    },
    "author": "",
    "license": "ISC",
    "bugs": {
      "url": "https://github.com/seriiserii825/start-template.loc/issues"
    },
    "homepage": "https://github.com/seriiserii825/start-template.loc#readme",
    "devDependencies": {
      "@babel/core": "^7.11.6",
      "@babel/preset-env": "^7.11.5",
      "babel-loader": "^8.1.0",
      "browser-sync": "^2.26.12",
      "gulp": "^4.0.2",
      "gulp-autoprefixer": "^7.0.1",
      "gulp-clean-css": "^4.3.0",
      "gulp-csso": "^4.0.1",
      "gulp-debug": "^4.0.0",
      "gulp-group-css-media-queries": "^1.2.2",
      "gulp-if": "^3.0.0",
      "gulp-newer": "^1.4.0",
      "gulp-notify": "^3.2.0",
      "gulp-plumber": "^1.2.1",
      "gulp-pug": "^4.0.1",
      "gulp-rename": "^2.0.0",
      "gulp-sass": "^4.1.0",
      "gulp-sourcemaps": "^2.6.5",
      "gulp-wait": "0.0.2",
      "rimraf": "^3.0.2",
      "webpack": "^4.44.2",
      "webpack-stream": "^6.1.0"
    },
    "dependencies": {
      "core-js": "^3.6.5",
      "gsap": "^3.5.1",
      "jquery": "^3.5.1"
    }
  }

yarn manifest: 
  No manifest

Lockfile: 
  # THIS IS AN AUTOGENERATED FILE. DO NOT EDIT THIS FILE DIRECTLY.
  # yarn lockfile v1
  
  
  "@ampproject/remapping@^2.2.0":
    version "2.2.1"
    resolved "https://registry.yarnpkg.com/@ampproject/remapping/-/remapping-2.2.1.tgz#99e8e11851128b8702cd57c33684f1d0f260b630"
    integrity sha512-lFMjJTrFL3j7L9yBxwYfCq2k6qqwHyzuUl/XBnif78PWTJYyL/dfowQHWE3sp6U6ZzqWiiIZnpTMO96zhkjwtg==
    dependencies:
      "@jridgewell/gen-mapping" "^0.3.0"
      "@jridgewell/trace-mapping" "^0.3.9"
  
  "@babel/code-frame@^7.21.4":
    version "7.21.4"
    resolved "https://registry.yarnpkg.com/@babel/code-frame/-/code-frame-7.21.4.tgz#d0fa9e4413aca81f2b23b9442797bda1826edb39"
    integrity sha512-LYvhNKfwWSPpocw8GI7gpK2nq3HSDuEPC/uSYaALSJu9xjsalaaYFOq0Pwt5KmVqwEbZlDu81aLXwBOmD/Fv9g==
    dependencies:
      "@babel/highlight" "^7.18.6"
  
  "@babel/compat-data@^7.17.7", "@babel/compat-data@^7.22.0", "@babel/compat-data@^7.22.3":
    version "7.22.3"
    resolved "https://registry.yarnpkg.com/@babel/compat-data/-/compat-data-7.22.3.tgz#cd502a6a0b6e37d7ad72ce7e71a7160a3ae36f7e"
    integrity sha512-aNtko9OPOwVESUFp3MZfD8Uzxl7JzSeJpd7npIoxCasU37PFbAQRpKglkaKwlHOyeJdrREpo8TW8ldrkYWwvIQ==
  
  "@babel/core@^7.11.6":
    version "7.22.1"
    resolved "https://registry.yarnpkg.com/@babel/core/-/core-7.22.1.tgz#5de51c5206f4c6f5533562838337a603c1033cfd"
    integrity sha512-Hkqu7J4ynysSXxmAahpN1jjRwVJ+NdpraFLIWflgjpVob3KNyK3/tIUc7Q7szed8WMp0JNa7Qtd1E9Oo22F9gA==
    dependencies:
      "@ampproject/remapping" "^2.2.0"
      "@babel/code-frame" "^7.21.4"
      "@babel/generator" "^7.22.0"
      "@babel/helper-compilation-targets" "^7.22.1"
      "@babel/helper-module-transforms" "^7.22.1"
      "@babel/helpers" "^7.22.0"
      "@babel/parser" "^7.22.0"
      "@babel/template" "^7.21.9"
      "@babel/traverse" "^7.22.1"
      "@babel/types" "^7.22.0"
      convert-source-map "^1.7.0"
      debug "^4.1.0"
      gensync "^1.0.0-beta.2"
      json5 "^2.2.2"
      semver "^6.3.0"
  
  "@babel/generator@^7.22.0":
    version "7.22.3"
    resolved "https://registry.yarnpkg.com/@babel/generator/-/generator-7.22.3.tgz#0ff675d2edb93d7596c5f6728b52615cfc0df01e"
    integrity sha512-C17MW4wlk//ES/CJDL51kPNwl+qiBQyN7b9SKyVp11BLGFeSPoVaHrv+MNt8jwQFhQWowW88z1eeBx3pFz9v8A==
    dependencies:
      "@babel/types" "^7.22.3"
      "@jridgewell/gen-mapping" "^0.3.2"
      "@jridgewell/trace-mapping" "^0.3.17"
      jsesc "^2.5.1"
  
  "@babel/helper-annotate-as-pure@^7.18.6":
    version "7.18.6"
    resolved "https://registry.yarnpkg.com/@babel/helper-annotate-as-pure/-/helper-annotate-as-pure-7.18.6.tgz#eaa49f6f80d5a33f9a5dd2276e6d6e451be0a6bb"
    integrity sha512-duORpUiYrEpzKIop6iNbjnwKLAKnJ47csTyRACyEmWj0QdUrm5aqNJGHSSEQSUAvNW0ojX0dOmK9dZduvkfeXA==
    dependencies:
      "@babel/types" "^7.18.6"
  
  "@babel/helper-builder-binary-assignment-operator-visitor@^7.18.6":
    version "7.22.3"
    resolved "https://registry.yarnpkg.com/@babel/helper-builder-binary-assignment-operator-visitor/-/helper-builder-binary-assignment-operator-visitor-7.22.3.tgz#c9b83d1ba74e163e023f008a3d3204588a7ceb60"
    integrity sha512-ahEoxgqNoYXm0k22TvOke48i1PkavGu0qGCmcq9ugi6gnmvKNaMjKBSrZTnWUi1CFEeNAUiVba0Wtzm03aSkJg==
    dependencies:
      "@babel/types" "^7.22.3"
  
  "@babel/helper-compilation-targets@^7.17.7", "@babel/helper-compilation-targets@^7.18.9", "@babel/helper-compilation-targets@^7.20.7", "@babel/helper-compilation-targets@^7.22.1":
    version "7.22.1"
    resolved "https://registry.yarnpkg.com/@babel/helper-compilation-targets/-/helper-compilation-targets-7.22.1.tgz#bfcd6b7321ffebe33290d68550e2c9d7eb7c7a58"
    integrity sha512-Rqx13UM3yVB5q0D/KwQ8+SPfX/+Rnsy1Lw1k/UwOC4KC6qrzIQoY3lYnBu5EHKBlEHHcj0M0W8ltPSkD8rqfsQ==
    dependencies:
      "@babel/compat-data" "^7.22.0"
      "@babel/helper-validator-option" "^7.21.0"
      browserslist "^4.21.3"
      lru-cache "^5.1.1"
      semver "^6.3.0"
  
  "@babel/helper-create-class-features-plugin@^7.21.0", "@babel/helper-create-class-features-plugin@^7.22.1":
    version "7.22.1"
    resolved "https://registry.yarnpkg.com/@babel/helper-create-class-features-plugin/-/helper-create-class-features-plugin-7.22.1.tgz#ae3de70586cc757082ae3eba57240d42f468c41b"
    integrity sha512-SowrZ9BWzYFgzUMwUmowbPSGu6CXL5MSuuCkG3bejahSpSymioPmuLdhPxNOc9MjuNGjy7M/HaXvJ8G82Lywlw==
    dependencies:
      "@babel/helper-annotate-as-pure" "^7.18.6"
      "@babel/helper-environment-visitor" "^7.22.1"
      "@babel/helper-function-name" "^7.21.0"
      "@babel/helper-member-expression-to-functions" "^7.22.0"
      "@babel/helper-optimise-call-expression" "^7.18.6"
      "@babel/helper-replace-supers" "^7.22.1"
      "@babel/helper-skip-transparent-expression-wrappers" "^7.20.0"
      "@babel/helper-split-export-declaration" "^7.18.6"
      semver "^6.3.0"
  
  "@babel/helper-create-regexp-features-plugin@^7.18.6", "@babel/helper-create-regexp-features-plugin@^7.22.1":
    version "7.22.1"
    resolved "https://registry.yarnpkg.com/@babel/helper-create-regexp-features-plugin/-/helper-create-regexp-features-plugin-7.22.1.tgz#a7ed9a8488b45b467fca353cd1a44dc5f0cf5c70"
    integrity sha512-WWjdnfR3LPIe+0EY8td7WmjhytxXtjKAEpnAxun/hkNiyOaPlvGK+NZaBFIdi9ndYV3Gav7BpFvtUwnaJlwi1w==
    dependencies:
      "@babel/helper-annotate-as-pure" "^7.18.6"
      regexpu-core "^5.3.1"
      semver "^6.3.0"
  
  "@babel/helper-define-polyfill-provider@^0.4.0":
    version "0.4.0"
    resolved "https://registry.yarnpkg.com/@babel/helper-define-polyfill-provider/-/helper-define-polyfill-provider-0.4.0.tgz#487053f103110f25b9755c5980e031e93ced24d8"
    integrity sha512-RnanLx5ETe6aybRi1cO/edaRH+bNYWaryCEmjDDYyNr4wnSzyOp8T0dWipmqVHKEY3AbVKUom50AKSlj1zmKbg==
    dependencies:
      "@babel/helper-compilation-targets" "^7.17.7"
      "@babel/helper-plugin-utils" "^7.16.7"
      debug "^4.1.1"
      lodash.debounce "^4.0.8"
      resolve "^1.14.2"
      semver "^6.1.2"
  
  "@babel/helper-environment-visitor@^7.18.9", "@babel/helper-environment-visitor@^7.22.1":
    version "7.22.1"
    resolved "https://registry.yarnpkg.com/@babel/helper-environment-visitor/-/helper-environment-visitor-7.22.1.tgz#ac3a56dbada59ed969d712cf527bd8271fe3eba8"
    integrity sha512-Z2tgopurB/kTbidvzeBrc2To3PUP/9i5MUe+fU6QJCQDyPwSH2oRapkLw3KGECDYSjhQZCNxEvNvZlLw8JjGwA==
  
  "@babel/helper-function-name@^7.18.9", "@babel/helper-function-name@^7.19.0", "@babel/helper-function-name@^7.21.0":
    version "7.21.0"
    resolved "https://registry.yarnpkg.com/@babel/helper-function-name/-/helper-function-name-7.21.0.tgz#d552829b10ea9f120969304023cd0645fa00b1b4"
    integrity sha512-HfK1aMRanKHpxemaY2gqBmL04iAPOPRj7DxtNbiDOrJK+gdwkiNRVpCpUJYbUT+aZyemKN8brqTOxzCaG6ExRg==
    dependencies:
      "@babel/template" "^7.20.7"
      "@babel/types" "^7.21.0"
  
  "@babel/helper-hoist-variables@^7.18.6":
    version "7.18.6"
    resolved "https://registry.yarnpkg.com/@babel/helper-hoist-variables/-/helper-hoist-variables-7.18.6.tgz#d4d2c8fb4baeaa5c68b99cc8245c56554f926678"
    integrity sha512-UlJQPkFqFULIcyW5sbzgbkxn2FKRgwWiRexcuaR8RNJRy8+LLveqPjwZV/bwrLZCN0eUHD/x8D0heK1ozuoo6Q==
    dependencies:
      "@babel/types" "^7.18.6"
  
  "@babel/helper-member-expression-to-functions@^7.22.0":
    version "7.22.3"
    resolved "https://registry.yarnpkg.com/@babel/helper-member-expression-to-functions/-/helper-member-expression-to-functions-7.22.3.tgz#4b77a12c1b4b8e9e28736ed47d8b91f00976911f"
    integrity sha512-Gl7sK04b/2WOb6OPVeNy9eFKeD3L6++CzL3ykPOWqTn08xgYYK0wz4TUh2feIImDXxcVW3/9WQ1NMKY66/jfZA==
    dependencies:
      "@babel/types" "^7.22.3"
  
  "@babel/helper-module-imports@^7.18.6", "@babel/helper-module-imports@^7.21.4":
    version "7.21.4"
    resolved "https://registry.yarnpkg.com/@babel/helper-module-imports/-/helper-module-imports-7.21.4.tgz#ac88b2f76093637489e718a90cec6cf8a9b029af"
    integrity sha512-orajc5T2PsRYUN3ZryCEFeMDYwyw09c/pZeaQEZPH0MpKzSvn3e0uXsDBu3k03VI+9DBiRo+l22BfKTpKwa/Wg==
    dependencies:
      "@babel/types" "^7.21.4"
  
  "@babel/helper-module-transforms@^7.18.6", "@babel/helper-module-transforms@^7.20.11", "@babel/helper-module-transforms@^7.21.5", "@babel/helper-module-transforms@^7.22.1":
    version "7.22.1"
    resolved "https://registry.yarnpkg.com/@babel/helper-module-transforms/-/helper-module-transforms-7.22.1.tgz#e0cad47fedcf3cae83c11021696376e2d5a50c63"
    integrity sha512-dxAe9E7ySDGbQdCVOY/4+UcD8M9ZFqZcZhSPsPacvCG4M+9lwtDDQfI2EoaSvmf7W/8yCBkGU0m7Pvt1ru3UZw==
    dependencies:
      "@babel/helper-environment-visitor" "^7.22.1"
      "@babel/helper-module-imports" "^7.21.4"
      "@babel/helper-simple-access" "^7.21.5"
      "@babel/helper-split-export-declaration" "^7.18.6"
      "@babel/helper-validator-identifier" "^7.19.1"
      "@babel/template" "^7.21.9"
      "@babel/traverse" "^7.22.1"
      "@babel/types" "^7.22.0"
  
  "@babel/helper-optimise-call-expression@^7.18.6":
    version "7.18.6"
    resolved "https://registry.yarnpkg.com/@babel/helper-optimise-call-expression/-/helper-optimise-call-expression-7.18.6.tgz#9369aa943ee7da47edab2cb4e838acf09d290ffe"
    integrity sha512-HP59oD9/fEHQkdcbgFCnbmgH5vIQTJbxh2yf+CdM89/glUNnuzr87Q8GIjGEnOktTROemO0Pe0iPAYbqZuOUiA==
    dependencies:
      "@babel/types" "^7.18.6"
  
  "@babel/helper-plugin-utils@^7.0.0", "@babel/helper-plugin-utils@^7.10.4", "@babel/helper-plugin-utils@^7.12.13", "@babel/helper-plugin-utils@^7.14.5", "@babel/helper-plugin-utils@^7.16.7", "@babel/helper-plugin-utils@^7.18.6", "@babel/helper-plugin-utils@^7.18.9", "@babel/helper-plugin-utils@^7.19.0", "@babel/helper-plugin-utils@^7.20.2", "@babel/helper-plugin-utils@^7.21.5", "@babel/helper-plugin-utils@^7.8.0", "@babel/helper-plugin-utils@^7.8.3":
    version "7.21.5"
    resolved "https://registry.yarnpkg.com/@babel/helper-plugin-utils/-/helper-plugin-utils-7.21.5.tgz#345f2377d05a720a4e5ecfa39cbf4474a4daed56"
    integrity sha512-0WDaIlXKOX/3KfBK/dwP1oQGiPh6rjMkT7HIRv7i5RR2VUMwrx5ZL0dwBkKx7+SW1zwNdgjHd34IMk5ZjTeHVg==
  
  "@babel/helper-remap-async-to-generator@^7.18.9":
    version "7.18.9"
    resolved "https://registry.yarnpkg.com/@babel/helper-remap-async-to-generator/-/helper-remap-async-to-generator-7.18.9.tgz#997458a0e3357080e54e1d79ec347f8a8cd28519"
    integrity sha512-dI7q50YKd8BAv3VEfgg7PS7yD3Rtbi2J1XMXaalXO0W0164hYLnh8zpjRS0mte9MfVp/tltvr/cfdXPvJr1opA==
    dependencies:
      "@babel/helper-annotate-as-pure" "^7.18.6"
      "@babel/helper-environment-visitor" "^7.18.9"
      "@babel/helper-wrap-function" "^7.18.9"
      "@babel/types" "^7.18.9"
  
  "@babel/helper-replace-supers@^7.18.6", "@babel/helper-replace-supers@^7.20.7", "@babel/helper-replace-supers@^7.22.1":
    version "7.22.1"
    resolved "https://registry.yarnpkg.com/@babel/helper-replace-supers/-/helper-replace-supers-7.22.1.tgz#38cf6e56f7dc614af63a21b45565dd623f0fdc95"
    integrity sha512-ut4qrkE4AuSfrwHSps51ekR1ZY/ygrP1tp0WFm8oVq6nzc/hvfV/22JylndIbsf2U2M9LOMwiSddr6y+78j+OQ==
    dependencies:
      "@babel/helper-environment-visitor" "^7.22.1"
      "@babel/helper-member-expression-to-functions" "^7.22.0"
      "@babel/helper-optimise-call-expression" "^7.18.6"
      "@babel/template" "^7.21.9"
      "@babel/traverse" "^7.22.1"
      "@babel/types" "^7.22.0"
  
  "@babel/helper-simple-access@^7.21.5":
    version "7.21.5"
    resolved "https://registry.yarnpkg.com/@babel/helper-simple-access/-/helper-simple-access-7.21.5.tgz#d697a7971a5c39eac32c7e63c0921c06c8a249ee"
    integrity sha512-ENPDAMC1wAjR0uaCUwliBdiSl1KBJAVnMTzXqi64c2MG8MPR6ii4qf7bSXDqSFbr4W6W028/rf5ivoHop5/mkg==
    dependencies:
      "@babel/types" "^7.21.5"
  
  "@babel/helper-skip-transparent-expression-wrappers@^7.20.0":
    version "7.20.0"
    resolved "https://registry.yarnpkg.com/@babel/helper-skip-transparent-expression-wrappers/-/helper-skip-transparent-expression-wrappers-7.20.0.tgz#fbe4c52f60518cab8140d77101f0e63a8a230684"
    integrity sha512-5y1JYeNKfvnT8sZcK9DVRtpTbGiomYIHviSP3OQWmDPU3DeH4a1ZlT/N2lyQ5P8egjcRaT/Y9aNqUxK0WsnIIg==
    dependencies:
      "@babel/types" "^7.20.0"
  
  "@babel/helper-split-export-declaration@^7.18.6":
    version "7.18.6"
    resolved "https://registry.yarnpkg.com/@babel/helper-split-export-declaration/-/helper-split-export-declaration-7.18.6.tgz#7367949bc75b20c6d5a5d4a97bba2824ae8ef075"
    integrity sha512-bde1etTx6ZyTmobl9LLMMQsaizFVZrquTEHOqKeQESMKo4PlObf+8+JA25ZsIpZhT/WEd39+vOdLXAFG/nELpA==
    dependencies:
      "@babel/types" "^7.18.6"
  
  "@babel/helper-string-parser@^7.21.5":
    version "7.21.5"
    resolved "https://registry.yarnpkg.com/@babel/helper-string-parser/-/helper-string-parser-7.21.5.tgz#2b3eea65443c6bdc31c22d037c65f6d323b6b2bd"
    integrity sha512-5pTUx3hAJaZIdW99sJ6ZUUgWq/Y+Hja7TowEnLNMm1VivRgZQL3vpBY3qUACVsvw+yQU6+YgfBVmcbLaZtrA1w==
  
  "@babel/helper-validator-identifier@^7.18.6", "@babel/helper-validator-identifier@^7.19.1":
    version "7.19.1"
    resolved "https://registry.yarnpkg.com/@babel/helper-validator-identifier/-/helper-validator-identifier-7.19.1.tgz#7eea834cf32901ffdc1a7ee555e2f9c27e249ca2"
    integrity sha512-awrNfaMtnHUr653GgGEs++LlAvW6w+DcPrOliSMXWCKo597CwL5Acf/wWdNkf/tfEQE3mjkeD1YOVZOUV/od1w==
  
  "@babel/helper-validator-option@^7.21.0":
    version "7.21.0"
    resolved "https://registry.yarnpkg.com/@babel/helper-validator-option/-/helper-validator-option-7.21.0.tgz#8224c7e13ace4bafdc4004da2cf064ef42673180"
    integrity sha512-rmL/B8/f0mKS2baE9ZpyTcTavvEuWhTTW8amjzXNvYG4AwBsqTLikfXsEofsJEfKHf+HQVQbFOHy6o+4cnC/fQ==
  
  "@babel/helper-wrap-function@^7.18.9":
    version "7.20.5"
    resolved "https://registry.yarnpkg.com/@babel/helper-wrap-function/-/helper-wrap-function-7.20.5.tgz#75e2d84d499a0ab3b31c33bcfe59d6b8a45f62e3"
    integrity sha512-bYMxIWK5mh+TgXGVqAtnu5Yn1un+v8DDZtqyzKRLUzrh70Eal2O3aZ7aPYiMADO4uKlkzOiRiZ6GX5q3qxvW9Q==
    dependencies:
      "@babel/helper-function-name" "^7.19.0"
      "@babel/template" "^7.18.10"
      "@babel/traverse" "^7.20.5"
      "@babel/types" "^7.20.5"
  
  "@babel/helpers@^7.22.0":
    version "7.22.3"
    resolved "https://registry.yarnpkg.com/@babel/helpers/-/helpers-7.22.3.tgz#53b74351da9684ea2f694bf0877998da26dd830e"
    integrity sha512-jBJ7jWblbgr7r6wYZHMdIqKc73ycaTcCaWRq4/2LpuPHcx7xMlZvpGQkOYc9HeSjn6rcx15CPlgVcBtZ4WZJ2w==
    dependencies:
      "@babel/template" "^7.21.9"
      "@babel/traverse" "^7.22.1"
      "@babel/types" "^7.22.3"
  
  "@babel/highlight@^7.18.6":
    version "7.18.6"
    resolved "https://registry.yarnpkg.com/@babel/highlight/-/highlight-7.18.6.tgz#81158601e93e2563795adcbfbdf5d64be3f2ecdf"
    integrity sha512-u7stbOuYjaPezCuLj29hNW1v64M2Md2qupEKP1fHc7WdOA3DgLh37suiSrZYY7haUB7iBeQZ9P1uiRF359do3g==
    dependencies:
      "@babel/helper-validator-identifier" "^7.18.6"
      chalk "^2.0.0"
      js-tokens "^4.0.0"
  
  "@babel/parser@^7.21.9", "@babel/parser@^7.22.0":
    version "7.22.3"
    resolved "https://registry.yarnpkg.com/@babel/parser/-/parser-7.22.3.tgz#838ae31893373222cd9062568e2192c670037e00"
    integrity sha512-vrukxyW/ep8UD1UDzOYpTKQ6abgjFoeG6L+4ar9+c5TN9QnlqiOi6QK7LSR5ewm/ERyGkT/Ai6VboNrxhbr9Uw==
  
  "@babel/plugin-bugfix-safari-id-destructuring-collision-in-function-expression@^7.18.6":
    version "7.18.6"
    resolved "https://registry.yarnpkg.com/@babel/plugin-bugfix-safari-id-destructuring-collision-in-function-expression/-/plugin-bugfix-safari-id-destructuring-collision-in-function-expression-7.18.6.tgz#da5b8f9a580acdfbe53494dba45ea389fb09a4d2"
    integrity sha512-Dgxsyg54Fx1d4Nge8UnvTrED63vrwOdPmyvPzlNN/boaliRP54pm3pGzZD1SJUwrBA+Cs/xdG8kXX6Mn/RfISQ==
    dependencies:
      "@babel/helper-plugin-utils" "^7.18.6"
  
  "@babel/plugin-bugfix-v8-spread-parameters-in-optional-chaining@^7.22.0":
    version "7.22.3"
    resolved "https://registry.yarnpkg.com/@babel/plugin-bugfix-v8-spread-parameters-in-optional-chaining/-/plugin-bugfix-v8-spread-parameters-in-optional-chaining-7.22.3.tgz#a75be1365c0c3188c51399a662168c1c98108659"
    integrity sha512-6r4yRwEnorYByILoDRnEqxtojYKuiIv9FojW2E8GUKo9eWBwbKcd9IiZOZpdyXc64RmyGGyPu3/uAcrz/dq2kQ==
    dependencies:
      "@babel/helper-plugin-utils" "^7.21.5"
      "@babel/helper-skip-transparent-expression-wrappers" "^7.20.0"
      "@babel/plugin-transform-optional-chaining" "^7.22.3"
  
  "@babel/plugin-proposal-private-property-in-object@^7.21.0":
    version "7.21.0"
    resolved "https://registry.yarnpkg.com/@babel/plugin-proposal-private-property-in-object/-/plugin-proposal-private-property-in-object-7.21.0.tgz#19496bd9883dd83c23c7d7fc45dcd9ad02dfa1dc"
    integrity sha512-ha4zfehbJjc5MmXBlHec1igel5TJXXLDDRbuJ4+XT2TJcyD9/V1919BA8gMvsdHcNMBy4WBUBiRb3nw/EQUtBw==
    dependencies:
      "@babel/helper-annotate-as-pure" "^7.18.6"
      "@babel/helper-create-class-features-plugin" "^7.21.0"
      "@babel/helper-plugin-utils" "^7.20.2"
      "@babel/plugin-syntax-private-property-in-object" "^7.14.5"
  
  "@babel/plugin-proposal-unicode-property-regex@^7.4.4":
    version "7.18.6"
    resolved "https://registry.yarnpkg.com/@babel/plugin-proposal-unicode-property-regex/-/plugin-proposal-unicode-property-regex-7.18.6.tgz#af613d2cd5e643643b65cded64207b15c85cb78e"
    integrity sha512-2BShG/d5yoZyXZfVePH91urL5wTG6ASZU9M4o03lKK8u8UW1y08OMttBSOADTcJrnPMpvDXRG3G8fyLh4ovs8w==
    dependencies:
      "@babel/helper-create-regexp-features-plugin" "^7.18.6"
      "@babel/helper-plugin-utils" "^7.18.6"
  
  "@babel/plugin-syntax-async-generators@^7.8.4":
    version "7.8.4"
    resolved "https://registry.yarnpkg.com/@babel/plugin-syntax-async-generators/-/plugin-syntax-async-generators-7.8.4.tgz#a983fb1aeb2ec3f6ed042a210f640e90e786fe0d"
    integrity sha512-tycmZxkGfZaxhMRbXlPXuVFpdWlXpir2W4AMhSJgRKzk/eDlIXOhb2LHWoLpDF7TEHylV5zNhykX6KAgHJmTNw==
    dependencies:
      "@babel/helper-plugin-utils" "^7.8.0"
  
  "@babel/plugin-syntax-class-properties@^7.12.13":
    version "7.12.13"
    resolved "https://registry.yarnpkg.com/@babel/plugin-syntax-class-properties/-/plugin-syntax-class-properties-7.12.13.tgz#b5c987274c4a3a82b89714796931a6b53544ae10"
    integrity sha512-fm4idjKla0YahUNgFNLCB0qySdsoPiZP3iQE3rky0mBUtMZ23yDJ9SJdg6dXTSDnulOVqiF3Hgr9nbXvXTQZYA==
    dependencies:
      "@babel/helper-plugin-utils" "^7.12.13"
  
  "@babel/plugin-syntax-class-static-block@^7.14.5":
    version "7.14.5"
    resolved "https://registry.yarnpkg.com/@babel/plugin-syntax-class-static-block/-/plugin-syntax-class-static-block-7.14.5.tgz#195df89b146b4b78b3bf897fd7a257c84659d406"
    integrity sha512-b+YyPmr6ldyNnM6sqYeMWE+bgJcJpO6yS4QD7ymxgH34GBPNDM/THBh8iunyvKIZztiwLH4CJZ0RxTk9emgpjw==
    dependencies:
      "@babel/helper-plugin-utils" "^7.14.5"
  
  "@babel/plugin-syntax-dynamic-import@^7.8.3":
    version "7.8.3"
    resolved "https://registry.yarnpkg.com/@babel/plugin-syntax-dynamic-import/-/plugin-syntax-dynamic-import-7.8.3.tgz#62bf98b2da3cd21d626154fc96ee5b3cb68eacb3"
    integrity sha512-5gdGbFon+PszYzqs83S3E5mpi7/y/8M9eC90MRTZfduQOYW76ig6SOSPNe41IG5LoP3FGBn2N0RjVDSQiS94kQ==
    dependencies:
      "@babel/helper-plugin-utils" "^7.8.0"
  
  "@babel/plugin-syntax-export-namespace-from@^7.8.3":
    version "7.8.3"
    resolved "https://registry.yarnpkg.com/@babel/plugin-syntax-export-namespace-from/-/plugin-syntax-export-namespace-from-7.8.3.tgz#028964a9ba80dbc094c915c487ad7c4e7a66465a"
    integrity sha512-MXf5laXo6c1IbEbegDmzGPwGNTsHZmEy6QGznu5Sh2UCWvueywb2ee+CCE4zQiZstxU9BMoQO9i6zUFSY0Kj0Q==
    dependencies:
      "@babel/helper-plugin-utils" "^7.8.3"
  
  "@babel/plugin-syntax-import-assertions@^7.20.0":
    version "7.20.0"
    resolved "https://registry.yarnpkg.com/@babel/plugin-syntax-import-assertions/-/plugin-syntax-import-assertions-7.20.0.tgz#bb50e0d4bea0957235390641209394e87bdb9cc4"
    integrity sha512-IUh1vakzNoWalR8ch/areW7qFopR2AEw03JlG7BbrDqmQ4X3q9uuipQwSGrUn7oGiemKjtSLDhNtQHzMHr1JdQ==
    dependencies:
      "@babel/helper-plugin-utils" "^7.19.0"
  
  "@babel/plugin-syntax-import-attributes@^7.22.0":
    version "7.22.3"
    resolved "https://registry.yarnpkg.com/@babel/plugin-syntax-import-attributes/-/plugin-syntax-import-attributes-7.22.3.tgz#d7168f22b9b49a6cc1792cec78e06a18ad2e7b4b"
    integrity sha512-i35jZJv6aO7hxEbIWQ41adVfOzjm9dcYDNeWlBMd8p0ZQRtNUCBrmGwZt+H5lb+oOC9a3svp956KP0oWGA1YsA==
    dependencies:
      "@babel/helper-plugin-utils" "^7.21.5"
  
  "@babel/plugin-syntax-import-meta@^7.10.4":
    version "7.10.4"
    resolved "https://registry.yarnpkg.com/@babel/plugin-syntax-import-meta/-/plugin-syntax-import-meta-7.10.4.tgz#ee601348c370fa334d2207be158777496521fd51"
    integrity sha512-Yqfm+XDx0+Prh3VSeEQCPU81yC+JWZ2pDPFSS4ZdpfZhp4MkFMaDC1UqseovEKwSUpnIL7+vK+Clp7bfh0iD7g==
    dependencies:
      "@babel/helper-plugin-utils" "^7.10.4"
  
  "@babel/plugin-syntax-json-strings@^7.8.3":
    version "7.8.3"
    resolved "https://registry.yarnpkg.com/@babel/plugin-syntax-json-strings/-/plugin-syntax-json-strings-7.8.3.tgz#01ca21b668cd8218c9e640cb6dd88c5412b2c96a"
    integrity sha512-lY6kdGpWHvjoe2vk4WrAapEuBR69EMxZl+RoGRhrFGNYVK8mOPAW8VfbT/ZgrFbXlDNiiaxQnAtgVCZ6jv30EA==
    dependencies:
      "@babel/helper-plugin-utils" "^7.8.0"
  
  "@babel/plugin-syntax-logical-assignment-operators@^7.10.4":
    version "7.10.4"
    resolved "https://registry.yarnpkg.com/@babel/plugin-syntax-logical-assignment-operators/-/plugin-syntax-logical-assignment-operators-7.10.4.tgz#ca91ef46303530448b906652bac2e9fe9941f699"
    integrity sha512-d8waShlpFDinQ5MtvGU9xDAOzKH47+FFoney2baFIoMr952hKOLp1HR7VszoZvOsV/4+RRszNY7D17ba0te0ig==
    dependencies:
      "@babel/helper-plugin-utils" "^7.10.4"
  
  "@babel/plugin-syntax-nullish-coalescing-operator@^7.8.3":
    version "7.8.3"
    resolved "https://registry.yarnpkg.com/@babel/plugin-syntax-nullish-coalescing-operator/-/plugin-syntax-nullish-coalescing-operator-7.8.3.tgz#167ed70368886081f74b5c36c65a88c03b66d1a9"
    integrity sha512-aSff4zPII1u2QD7y+F8oDsz19ew4IGEJg9SVW+bqwpwtfFleiQDMdzA/R+UlWDzfnHFCxxleFT0PMIrR36XLNQ==
    dependencies:
      "@babel/helper-plugin-utils" "^7.8.0"
  
  "@babel/plugin-syntax-numeric-separator@^7.10.4":
    version "7.10.4"
    resolved "https://registry.yarnpkg.com/@babel/plugin-syntax-numeric-separator/-/plugin-syntax-numeric-separator-7.10.4.tgz#b9b070b3e33570cd9fd07ba7fa91c0dd37b9af97"
    integrity sha512-9H6YdfkcK/uOnY/K7/aA2xpzaAgkQn37yzWUMRK7OaPOqOpGS1+n0H5hxT9AUw9EsSjPW8SVyMJwYRtWs3X3ug==
    dependencies:
      "@babel/helper-plugin-utils" "^7.10.4"
  
  "@babel/plugin-syntax-object-rest-spread@^7.8.3":
    version "7.8.3"
    resolved "https://registry.yarnpkg.com/@babel/plugin-syntax-object-rest-spread/-/plugin-syntax-object-rest-spread-7.8.3.tgz#60e225edcbd98a640332a2e72dd3e66f1af55871"
    integrity sha512-XoqMijGZb9y3y2XskN+P1wUGiVwWZ5JmoDRwx5+3GmEplNyVM2s2Dg8ILFQm8rWM48orGy5YpI5Bl8U1y7ydlA==
    dependencies:
      "@babel/helper-plugin-utils" "^7.8.0"
  
  "@babel/plugin-syntax-optional-catch-binding@^7.8.3":
    version "7.8.3"
    resolved "https://registry.yarnpkg.com/@babel/plugin-syntax-optional-catch-binding/-/plugin-syntax-optional-catch-binding-7.8.3.tgz#6111a265bcfb020eb9efd0fdfd7d26402b9ed6c1"
    integrity sha512-6VPD0Pc1lpTqw0aKoeRTMiB+kWhAoT24PA+ksWSBrFtl5SIRVpZlwN3NNPQjehA2E/91FV3RjLWoVTglWcSV3Q==
    dependencies:
      "@babel/helper-plugin-utils" "^7.8.0"
  
  "@babel/plugin-syntax-optional-chaining@^7.8.3":
    version "7.8.3"
    resolved "https://registry.yarnpkg.com/@babel/plugin-syntax-optional-chaining/-/plugin-syntax-optional-chaining-7.8.3.tgz#4f69c2ab95167e0180cd5336613f8c5788f7d48a"
    integrity sha512-KoK9ErH1MBlCPxV0VANkXW2/dw4vlbGDrFgz8bmUsBGYkFRcbRwMh6cIJubdPrkxRwuGdtCk0v/wPTKbQgBjkg==
    dependencies:
      "@babel/helper-plugin-utils" "^7.8.0"
  
  "@babel/plugin-syntax-private-property-in-object@^7.14.5":
    version "7.14.5"
    resolved "https://registry.yarnpkg.com/@babel/plugin-syntax-private-property-in-object/-/plugin-syntax-private-property-in-object-7.14.5.tgz#0dc6671ec0ea22b6e94a1114f857970cd39de1ad"
    integrity sha512-0wVnp9dxJ72ZUJDV27ZfbSj6iHLoytYZmh3rFcxNnvsJF3ktkzLDZPy/mA17HGsaQT3/DQsWYX1f1QGWkCoVUg==
    dependencies:
      "@babel/helper-plugin-utils" "^7.14.5"
  
  "@babel/plugin-syntax-top-level-await@^7.14.5":
    version "7.14.5"
    resolved "https://registry.yarnpkg.com/@babel/plugin-syntax-top-level-await/-/plugin-syntax-top-level-await-7.14.5.tgz#c1cfdadc35a646240001f06138247b741c34d94c"
    integrity sha512-hx++upLv5U1rgYfwe1xBQUhRmU41NEvpUvrp8jkrSCdvGSnM5/qdRMtylJ6PG5OFkBaHkbTAKTnd3/YyESRHFw==
    dependencies:
      "@babel/helper-plugin-utils" "^7.14.5"
  
  "@babel/plugin-syntax-unicode-sets-regex@^7.18.6":
    version "7.18.6"
    resolved "https://registry.yarnpkg.com/@babel/plugin-syntax-unicode-sets-regex/-/plugin-syntax-unicode-sets-regex-7.18.6.tgz#d49a3b3e6b52e5be6740022317580234a6a47357"
    integrity sha512-727YkEAPwSIQTv5im8QHz3upqp92JTWhidIC81Tdx4VJYIte/VndKf1qKrfnnhPLiPghStWfvC/iFaMCQu7Nqg==
    dependencies:
      "@babel/helper-create-regexp-features-plugin" "^7.18.6"
      "@babel/helper-plugin-utils" "^7.18.6"
  
  "@babel/plugin-transform-arrow-functions@^7.21.5":
    version "7.21.5"
    resolved "https://registry.yarnpkg.com/@babel/plugin-transform-arrow-functions/-/plugin-transform-arrow-functions-7.21.5.tgz#9bb42a53de447936a57ba256fbf537fc312b6929"
    integrity sha512-wb1mhwGOCaXHDTcsRYMKF9e5bbMgqwxtqa2Y1ifH96dXJPwbuLX9qHy3clhrxVqgMz7nyNXs8VkxdH8UBcjKqA==
    dependencies:
      "@babel/helper-plugin-utils" "^7.21.5"
  
  "@babel/plugin-transform-async-generator-functions@^7.22.0":
    version "7.22.3"
    resolved "https://registry.yarnpkg.com/@babel/plugin-transform-async-generator-functions/-/plugin-transform-async-generator-functions-7.22.3.tgz#3ed99924c354fb9e80dabb2cc8d002c702e94527"
    integrity sha512-36A4Aq48t66btydbZd5Fk0/xJqbpg/v4QWI4AH4cYHBXy9Mu42UOupZpebKFiCFNT9S9rJFcsld0gsv0ayLjtA==
    dependencies:
      "@babel/helper-environment-visitor" "^7.22.1"
      "@babel/helper-plugin-utils" "^7.21.5"
      "@babel/helper-remap-async-to-generator" "^7.18.9"
      "@babel/plugin-syntax-async-generators" "^7.8.4"
  
  "@babel/plugin-transform-async-to-generator@^7.20.7":
    version "7.20.7"
    resolved "https://registry.yarnpkg.com/@babel/plugin-transform-async-to-generator/-/plugin-transform-async-to-generator-7.20.7.tgz#dfee18623c8cb31deb796aa3ca84dda9cea94354"
    integrity sha512-Uo5gwHPT9vgnSXQxqGtpdufUiWp96gk7yiP4Mp5bm1QMkEmLXBO7PAGYbKoJ6DhAwiNkcHFBol/x5zZZkL/t0Q==
    dependencies:
      "@babel/helper-module-imports" "^7.18.6"
      "@babel/helper-plugin-utils" "^7.20.2"
      "@babel/helper-remap-async-to-generator" "^7.18.9"
  
  "@babel/plugin-transform-block-scoped-functions@^7.18.6":
    version "7.18.6"
    resolved "https://registry.yarnpkg.com/@babel/plugin-transform-block-scoped-functions/-/plugin-transform-block-scoped-functions-7.18.6.tgz#9187bf4ba302635b9d70d986ad70f038726216a8"
    integrity sha512-ExUcOqpPWnliRcPqves5HJcJOvHvIIWfuS4sroBUenPuMdmW+SMHDakmtS7qOo13sVppmUijqeTv7qqGsvURpQ==
    dependencies:
      "@babel/helper-plugin-utils" "^7.18.6"
  
  "@babel/plugin-transform-block-scoping@^7.21.0":
    version "7.21.0"
    resolved "https://registry.yarnpkg.com/@babel/plugin-transform-block-scoping/-/plugin-transform-block-scoping-7.21.0.tgz#e737b91037e5186ee16b76e7ae093358a5634f02"
    integrity sha512-Mdrbunoh9SxwFZapeHVrwFmri16+oYotcZysSzhNIVDwIAb1UV+kvnxULSYq9J3/q5MDG+4X6w8QVgD1zhBXNQ==
    dependencies:
      "@babel/helper-plugin-utils" "^7.20.2"
  
  "@babel/plugin-transform-class-properties@^7.22.0":
    version "7.22.3"
    resolved "https://registry.yarnpkg.com/@babel/plugin-transform-class-properties/-/plugin-transform-class-properties-7.22.3.tgz#3407145e513830df77f0cef828b8b231c166fe4c"
    integrity sha512-mASLsd6rhOrLZ5F3WbCxkzl67mmOnqik0zrg5W6D/X0QMW7HtvnoL1dRARLKIbMP3vXwkwziuLesPqWVGIl6Bw==
    dependencies:
      "@babel/helper-create-class-features-plugin" "^7.22.1"
      "@babel/helper-plugin-utils" "^7.21.5"
  
  "@babel/plugin-transform-class-static-block@^7.22.0":
    version "7.22.3"
    resolved "https://registry.yarnpkg.com/@babel/plugin-transform-class-static-block/-/plugin-transform-class-static-block-7.22.3.tgz#e352cf33567385c731a8f21192efeba760358773"
    integrity sha512-5BirgNWNOx7cwbTJCOmKFJ1pZjwk5MUfMIwiBBvsirCJMZeQgs5pk6i1OlkVg+1Vef5LfBahFOrdCnAWvkVKMw==
    dependencies:
      "@babel/helper-create-class-features-plugin" "^7.22.1"
      "@babel/helper-plugin-utils" "^7.21.5"
      "@babel/plugin-syntax-class-static-block" "^7.14.5"
  
  "@babel/plugin-transform-classes@^7.21.0":
    version "7.21.0"
    resolved "https://registry.yarnpkg.com/@babel/plugin-transform-classes/-/plugin-transform-classes-7.21.0.tgz#f469d0b07a4c5a7dbb21afad9e27e57b47031665"
    integrity sha512-RZhbYTCEUAe6ntPehC4hlslPWosNHDox+vAs4On/mCLRLfoDVHf6hVEd7kuxr1RnHwJmxFfUM3cZiZRmPxJPXQ==
    dependencies:
      "@babel/helper-annotate-as-pure" "^7.18.6"
      "@babel/helper-compilation-targets" "^7.20.7"
      "@babel/helper-environment-visitor" "^7.18.9"
      "@babel/helper-function-name" "^7.21.0"
      "@babel/helper-optimise-call-expression" "^7.18.6"
      "@babel/helper-plugin-utils" "^7.20.2"
      "@babel/helper-replace-supers" "^7.20.7"
      "@babel/helper-split-export-declaration" "^7.18.6"
      globals "^11.1.0"
  
  "@babel/plugin-transform-computed-properties@^7.21.5":
    version "7.21.5"
    resolved "https://registry.yarnpkg.com/@babel/plugin-transform-computed-properties/-/plugin-transform-computed-properties-7.21.5.tgz#3a2d8bb771cd2ef1cd736435f6552fe502e11b44"
    integrity sha512-TR653Ki3pAwxBxUe8srfF3e4Pe3FTA46uaNHYyQwIoM4oWKSoOZiDNyHJ0oIoDIUPSRQbQG7jzgVBX3FPVne1Q==
    dependencies:
      "@babel/helper-plugin-utils" "^7.21.5"
      "@babel/template" "^7.20.7"
  
  "@babel/plugin-transform-destructuring@^7.21.3":
    version "7.21.3"
    resolved "https://registry.yarnpkg.com/@babel/plugin-transform-destructuring/-/plugin-transform-destructuring-7.21.3.tgz#73b46d0fd11cd6ef57dea8a381b1215f4959d401"
    integrity sha512-bp6hwMFzuiE4HqYEyoGJ/V2LeIWn+hLVKc4pnj++E5XQptwhtcGmSayM029d/j2X1bPKGTlsyPwAubuU22KhMA==
    dependencies:
      "@babel/helper-plugin-utils" "^7.20.2"
  
  "@babel/plugin-transform-dotall-regex@^7.18.6", "@babel/plugin-transform-dotall-regex@^7.4.4":
    version "7.18.6"
    resolved "https://registry.yarnpkg.com/@babel/plugin-transform-dotall-regex/-/plugin-transform-dotall-regex-7.18.6.tgz#b286b3e7aae6c7b861e45bed0a2fafd6b1a4fef8"
    integrity sha512-6S3jpun1eEbAxq7TdjLotAsl4WpQI9DxfkycRcKrjhQYzU87qpXdknpBg/e+TdcMehqGnLFi7tnFUBR02Vq6wg==
    dependencies:
      "@babel/helper-create-regexp-features-plugin" "^7.18.6"
      "@babel/helper-plugin-utils" "^7.18.6"
  
  "@babel/plugin-transform-duplicate-keys@^7.18.9":
    version "7.18.9"
    resolved "https://registry.yarnpkg.com/@babel/plugin-transform-duplicate-keys/-/plugin-transform-duplicate-keys-7.18.9.tgz#687f15ee3cdad6d85191eb2a372c4528eaa0ae0e"
    integrity sha512-d2bmXCtZXYc59/0SanQKbiWINadaJXqtvIQIzd4+hNwkWBgyCd5F/2t1kXoUdvPMrxzPvhK6EMQRROxsue+mfw==
    dependencies:
      "@babel/helper-plugin-utils" "^7.18.9"
  
  "@babel/plugin-transform-dynamic-import@^7.22.1":
    version "7.22.1"
    resolved "https://registry.yarnpkg.com/@babel/plugin-transform-dynamic-import/-/plugin-transform-dynamic-import-7.22.1.tgz#6c56afaf896a07026330cf39714532abed8d9ed1"
    integrity sha512-rlhWtONnVBPdmt+jeewS0qSnMz/3yLFrqAP8hHC6EDcrYRSyuz9f9yQhHvVn2Ad6+yO9fHXac5piudeYrInxwQ==
    dependencies:
      "@babel/helper-plugin-utils" "^7.21.5"
      "@babel/plugin-syntax-dynamic-import" "^7.8.3"
  
  "@babel/plugin-transform-exponentiation-operator@^7.18.6":
    version "7.18.6"
    resolved "https://registry.yarnpkg.com/@babel/plugin-transform-exponentiation-operator/-/plugin-transform-exponentiation-operator-7.18.6.tgz#421c705f4521888c65e91fdd1af951bfefd4dacd"
    integrity sha512-wzEtc0+2c88FVR34aQmiz56dxEkxr2g8DQb/KfaFa1JYXOFVsbhvAonFN6PwVWj++fKmku8NP80plJ5Et4wqHw==
    dependencies:
      "@babel/helper-builder-binary-assignment-operator-visitor" "^7.18.6"
      "@babel/helper-plugin-utils" "^7.18.6"
  
  "@babel/plugin-transform-export-namespace-from@^7.22.0":
    version "7.22.3"
    resolved "https://registry.yarnpkg.com/@babel/plugin-transform-export-namespace-from/-/plugin-transform-export-namespace-from-7.22.3.tgz#9b8700aa495007d3bebac8358d1c562434b680b9"
    integrity sha512-5Ti1cHLTDnt3vX61P9KZ5IG09bFXp4cDVFJIAeCZuxu9OXXJJZp5iP0n/rzM2+iAutJY+KWEyyHcRaHlpQ/P5g==
    dependencies:
      "@babel/helper-plugin-utils" "^7.21.5"
      "@babel/plugin-syntax-export-namespace-from" "^7.8.3"
  
  "@babel/plugin-transform-for-of@^7.21.5":
    version "7.21.5"
    resolved "https://registry.yarnpkg.com/@babel/plugin-transform-for-of/-/plugin-transform-for-of-7.21.5.tgz#e890032b535f5a2e237a18535f56a9fdaa7b83fc"
    integrity sha512-nYWpjKW/7j/I/mZkGVgHJXh4bA1sfdFnJoOXwJuj4m3Q2EraO/8ZyrkCau9P5tbHQk01RMSt6KYLCsW7730SXQ==
    dependencies:
      "@babel/helper-plugin-utils" "^7.21.5"
  
  "@babel/plugin-transform-function-name@^7.18.9":
    version "7.18.9"
    resolved "https://registry.yarnpkg.com/@babel/plugin-transform-function-name/-/plugin-transform-function-name-7.18.9.tgz#cc354f8234e62968946c61a46d6365440fc764e0"
    integrity sha512-WvIBoRPaJQ5yVHzcnJFor7oS5Ls0PYixlTYE63lCj2RtdQEl15M68FXQlxnG6wdraJIXRdR7KI+hQ7q/9QjrCQ==
    dependencies:
      "@babel/helper-compilation-targets" "^7.18.9"
      "@babel/helper-function-name" "^7.18.9"
      "@babel/helper-plugin-utils" "^7.18.9"
  
  "@babel/plugin-transform-json-strings@^7.22.0":
    version "7.22.3"
    resolved "https://registry.yarnpkg.com/@babel/plugin-transform-json-strings/-/plugin-transform-json-strings-7.22.3.tgz#a181b8679cf7c93e9d0e3baa5b1776d65be601a9"
    integrity sha512-IuvOMdeOOY2X4hRNAT6kwbePtK21BUyrAEgLKviL8pL6AEEVUVcqtRdN/HJXBLGIbt9T3ETmXRnFedRRmQNTYw==
    dependencies:
      "@babel/helper-plugin-utils" "^7.21.5"
      "@babel/plugin-syntax-json-strings" "^7.8.3"
  
  "@babel/plugin-transform-literals@^7.18.9":
    version "7.18.9"
    resolved "https://registry.yarnpkg.com/@babel/plugin-transform-literals/-/plugin-transform-literals-7.18.9.tgz#72796fdbef80e56fba3c6a699d54f0de557444bc"
    integrity sha512-IFQDSRoTPnrAIrI5zoZv73IFeZu2dhu6irxQjY9rNjTT53VmKg9fenjvoiOWOkJ6mm4jKVPtdMzBY98Fp4Z4cg==
    dependencies:
      "@babel/helper-plugin-utils" "^7.18.9"
  
  "@babel/plugin-transform-logical-assignment-operators@^7.22.0":
    version "7.22.3"
    resolved "https://registry.yarnpkg.com/@babel/plugin-transform-logical-assignment-operators/-/plugin-transform-logical-assignment-operators-7.22.3.tgz#9e021455810f33b0baccb82fb759b194f5dc36f0"
    integrity sha512-CbayIfOw4av2v/HYZEsH+Klks3NC2/MFIR3QR8gnpGNNPEaq2fdlVCRYG/paKs7/5hvBLQ+H70pGWOHtlNEWNA==
    dependencies:
      "@babel/helper-plugin-utils" "^7.21.5"
      "@babel/plugin-syntax-logical-assignment-operators" "^7.10.4"
  
  "@babel/plugin-transform-member-expression-literals@^7.18.6":
    version "7.18.6"
    resolved "https://registry.yarnpkg.com/@babel/plugin-transform-member-expression-literals/-/plugin-transform-member-expression-literals-7.18.6.tgz#ac9fdc1a118620ac49b7e7a5d2dc177a1bfee88e"
    integrity sha512-qSF1ihLGO3q+/g48k85tUjD033C29TNTVB2paCwZPVmOsjn9pClvYYrM2VeJpBY2bcNkuny0YUyTNRyRxJ54KA==
    dependencies:
      "@babel/helper-plugin-utils" "^7.18.6"
  
  "@babel/plugin-transform-modules-amd@^7.20.11":
    version "7.20.11"
    resolved "https://registry.yarnpkg.com/@babel/plugin-transform-modules-amd/-/plugin-transform-modules-amd-7.20.11.tgz#3daccca8e4cc309f03c3a0c4b41dc4b26f55214a"
    integrity sha512-NuzCt5IIYOW0O30UvqktzHYR2ud5bOWbY0yaxWZ6G+aFzOMJvrs5YHNikrbdaT15+KNO31nPOy5Fim3ku6Zb5g==
    dependencies:
      "@babel/helper-module-transforms" "^7.20.11"
      "@babel/helper-plugin-utils" "^7.20.2"
  
  "@babel/plugin-transform-modules-commonjs@^7.21.5":
    version "7.21.5"
    resolved "https://registry.yarnpkg.com/@babel/plugin-transform-modules-commonjs/-/plugin-transform-modules-commonjs-7.21.5.tgz#d69fb947eed51af91de82e4708f676864e5e47bc"
    integrity sha512-OVryBEgKUbtqMoB7eG2rs6UFexJi6Zj6FDXx+esBLPTCxCNxAY9o+8Di7IsUGJ+AVhp5ncK0fxWUBd0/1gPhrQ==
    dependencies:
      "@babel/helper-module-transforms" "^7.21.5"
      "@babel/helper-plugin-utils" "^7.21.5"
      "@babel/helper-simple-access" "^7.21.5"
  
  "@babel/plugin-transform-modules-systemjs@^7.22.0":
    version "7.22.3"
    resolved "https://registry.yarnpkg.com/@babel/plugin-transform-modules-systemjs/-/plugin-transform-modules-systemjs-7.22.3.tgz#cc507e03e88d87b016feaeb5dae941e6ef50d91e"
    integrity sha512-V21W3bKLxO3ZjcBJZ8biSvo5gQ85uIXW2vJfh7JSWf/4SLUSr1tOoHX3ruN4+Oqa2m+BKfsxTR1I+PsvkIWvNw==
    dependencies:
      "@babel/helper-hoist-variables" "^7.18.6"
      "@babel/helper-module-transforms" "^7.22.1"
      "@babel/helper-plugin-utils" "^7.21.5"
      "@babel/helper-validator-identifier" "^7.19.1"
  
  "@babel/plugin-transform-modules-umd@^7.18.6":
    version "7.18.6"
    resolved "https://registry.yarnpkg.com/@babel/plugin-transform-modules-umd/-/plugin-transform-modules-umd-7.18.6.tgz#81d3832d6034b75b54e62821ba58f28ed0aab4b9"
    integrity sha512-dcegErExVeXcRqNtkRU/z8WlBLnvD4MRnHgNs3MytRO1Mn1sHRyhbcpYbVMGclAqOjdW+9cfkdZno9dFdfKLfQ==
    dependencies:
      "@babel/helper-module-transforms" "^7.18.6"
      "@babel/helper-plugin-utils" "^7.18.6"
  
  "@babel/plugin-transform-named-capturing-groups-regex@^7.22.0":
    version "7.22.3"
    resolved "https://registry.yarnpkg.com/@babel/plugin-transform-named-capturing-groups-regex/-/plugin-transform-named-capturing-groups-regex-7.22.3.tgz#db6fb77e6b3b53ec3b8d370246f0b7cf67d35ab4"
    integrity sha512-c6HrD/LpUdNNJsISQZpds3TXvfYIAbo+efE9aWmY/PmSRD0agrJ9cPMt4BmArwUQ7ZymEWTFjTyp+yReLJZh0Q==
    dependencies:
      "@babel/helper-create-regexp-features-plugin" "^7.22.1"
      "@babel/helper-plugin-utils" "^7.21.5"
  
  "@babel/plugin-transform-new-target@^7.22.0":
    version "7.22.3"
    resolved "https://registry.yarnpkg.com/@babel/plugin-transform-new-target/-/plugin-transform-new-target-7.22.3.tgz#deb0377d741cbee2f45305868b9026dcd6dd96e2"
    integrity sha512-5RuJdSo89wKdkRTqtM9RVVJzHum9c2s0te9rB7vZC1zKKxcioWIy+xcu4OoIAjyFZhb/bp5KkunuLin1q7Ct+w==
    dependencies:
      "@babel/helper-plugin-utils" "^7.21.5"
  
  "@babel/plugin-transform-nullish-coalescing-operator@^7.22.0":
    version "7.22.3"
    resolved "https://registry.yarnpkg.com/@babel/plugin-transform-nullish-coalescing-operator/-/plugin-transform-nullish-coalescing-operator-7.22.3.tgz#8c519f8bf5af94a9ca6f65cf422a9d3396e542b9"
    integrity sha512-CpaoNp16nX7ROtLONNuCyenYdY/l7ZsR6aoVa7rW7nMWisoNoQNIH5Iay/4LDyRjKMuElMqXiBoOQCDLTMGZiw==
    dependencies:
      "@babel/helper-plugin-utils" "^7.21.5"
      "@babel/plugin-syntax-nullish-coalescing-operator" "^7.8.3"
  
  "@babel/plugin-transform-numeric-separator@^7.22.0":
    version "7.22.3"
    resolved "https://registry.yarnpkg.com/@babel/plugin-transform-numeric-separator/-/plugin-transform-numeric-separator-7.22.3.tgz#02493070ca6685884b0eee705363ee4da2132ab0"
    integrity sha512-+AF88fPDJrnseMh5vD9+SH6wq4ZMvpiTMHh58uLs+giMEyASFVhcT3NkoyO+NebFCNnpHJEq5AXO2txV4AGPDQ==
    dependencies:
      "@babel/helper-plugin-utils" "^7.21.5"
      "@babel/plugin-syntax-numeric-separator" "^7.10.4"
  
  "@babel/plugin-transform-object-rest-spread@^7.22.0":
    version "7.22.3"
    resolved "https://registry.yarnpkg.com/@babel/plugin-transform-object-rest-spread/-/plugin-transform-object-rest-spread-7.22.3.tgz#da6fba693effb8c203d8c3bdf7bf4e2567e802e9"
    integrity sha512-38bzTsqMMCI46/TQnJwPPpy33EjLCc1Gsm2hRTF6zTMWnKsN61vdrpuzIEGQyKEhDSYDKyZHrrd5FMj4gcUHhw==
    dependencies:
      "@babel/compat-data" "^7.22.3"
      "@babel/helper-compilation-targets" "^7.22.1"
      "@babel/helper-plugin-utils" "^7.21.5"
      "@babel/plugin-syntax-object-rest-spread" "^7.8.3"
      "@babel/plugin-transform-parameters" "^7.22.3"
  
  "@babel/plugin-transform-object-super@^7.18.6":
    version "7.18.6"
    resolved "https://registry.yarnpkg.com/@babel/plugin-transform-object-super/-/plugin-transform-object-super-7.18.6.tgz#fb3c6ccdd15939b6ff7939944b51971ddc35912c"
    integrity sha512-uvGz6zk+pZoS1aTZrOvrbj6Pp/kK2mp45t2B+bTDre2UgsZZ8EZLSJtUg7m/no0zOJUWgFONpB7Zv9W2tSaFlA==
    dependencies:
      "@babel/helper-plugin-utils" "^7.18.6"
      "@babel/helper-replace-supers" "^7.18.6"
  
  "@babel/plugin-transform-optional-catch-binding@^7.22.0":
    version "7.22.3"
    resolved "https://registry.yarnpkg.com/@babel/plugin-transform-optional-catch-binding/-/plugin-transform-optional-catch-binding-7.22.3.tgz#e971a083fc7d209d9cd18253853af1db6d8dc42f"
    integrity sha512-bnDFWXFzWY0BsOyqaoSXvMQ2F35zutQipugog/rqotL2S4ciFOKlRYUu9djt4iq09oh2/34hqfRR2k1dIvuu4g==
    dependencies:
      "@babel/helper-plugin-utils" "^7.21.5"
      "@babel/plugin-syntax-optional-catch-binding" "^7.8.3"
  
  "@babel/plugin-transform-optional-chaining@^7.22.0", "@babel/plugin-transform-optional-chaining@^7.22.3":
    version "7.22.3"
    resolved "https://registry.yarnpkg.com/@babel/plugin-transform-optional-chaining/-/plugin-transform-optional-chaining-7.22.3.tgz#5fd24a4a7843b76da6aeec23c7f551da5d365290"
    integrity sha512-63v3/UFFxhPKT8j8u1jTTGVyITxl7/7AfOqK8C5gz1rHURPUGe3y5mvIf68eYKGoBNahtJnTxBKug4BQOnzeJg==
    dependencies:
      "@babel/helper-plugin-utils" "^7.21.5"
      "@babel/helper-skip-transparent-expression-wrappers" "^7.20.0"
      "@babel/plugin-syntax-optional-chaining" "^7.8.3"
  
  "@babel/plugin-transform-parameters@^7.22.0", "@babel/plugin-transform-parameters@^7.22.3":
    version "7.22.3"
    resolved "https://registry.yarnpkg.com/@babel/plugin-transform-parameters/-/plugin-transform-parameters-7.22.3.tgz#24477acfd2fd2bc901df906c9bf17fbcfeee900d"
    integrity sha512-x7QHQJHPuD9VmfpzboyGJ5aHEr9r7DsAsdxdhJiTB3J3j8dyl+NFZ+rX5Q2RWFDCs61c06qBfS4ys2QYn8UkMw==
    dependencies:
      "@babel/helper-plugin-utils" "^7.21.5"
  
  "@babel/plugin-transform-private-methods@^7.22.0":
    version "7.22.3"
    resolved "https://registry.yarnpkg.com/@babel/plugin-transform-private-methods/-/plugin-transform-private-methods-7.22.3.tgz#adac38020bab5047482d3297107c1f58e9c574f6"
    integrity sha512-fC7jtjBPFqhqpPAE+O4LKwnLq7gGkD3ZmC2E3i4qWH34mH3gOg2Xrq5YMHUq6DM30xhqM1DNftiRaSqVjEG+ug==
    dependencies:
      "@babel/helper-create-class-features-plugin" "^7.22.1"
      "@babel/helper-plugin-utils" "^7.21.5"
  
  "@babel/plugin-transform-private-property-in-object@^7.22.0":
    version "7.22.3"
    resolved "https://registry.yarnpkg.com/@babel/plugin-transform-private-property-in-object/-/plugin-transform-private-property-in-object-7.22.3.tgz#031621b02c7b7d95389de1a3dba2fe9e8c548e56"
    integrity sha512-C7MMl4qWLpgVCbXfj3UW8rR1xeCnisQ0cU7YJHV//8oNBS0aCIVg1vFnZXxOckHhEpQyqNNkWmvSEWnMLlc+Vw==
    dependencies:
      "@babel/helper-annotate-as-pure" "^7.18.6"
      "@babel/helper-create-class-features-plugin" "^7.22.1"
      "@babel/helper-plugin-utils" "^7.21.5"
      "@babel/plugin-syntax-private-property-in-object" "^7.14.5"
  
  "@babel/plugin-transform-property-literals@^7.18.6":
    version "7.18.6"
    resolved "https://registry.yarnpkg.com/@babel/plugin-transform-property-literals/-/plugin-transform-property-literals-7.18.6.tgz#e22498903a483448e94e032e9bbb9c5ccbfc93a3"
    integrity sha512-cYcs6qlgafTud3PAzrrRNbQtfpQ8+y/+M5tKmksS9+M1ckbH6kzY8MrexEM9mcA6JDsukE19iIRvAyYl463sMg==
    dependencies:
      "@babel/helper-plugin-utils" "^7.18.6"
  
  "@babel/plugin-transform-regenerator@^7.21.5":
    version "7.21.5"
    resolved "https://registry.yarnpkg.com/@babel/plugin-transform-regenerator/-/plugin-transform-regenerator-7.21.5.tgz#576c62f9923f94bcb1c855adc53561fd7913724e"
    integrity sha512-ZoYBKDb6LyMi5yCsByQ5jmXsHAQDDYeexT1Szvlmui+lADvfSecr5Dxd/PkrTC3pAD182Fcju1VQkB4oCp9M+w==
    dependencies:
      "@babel/helper-plugin-utils" "^7.21.5"
      regenerator-transform "^0.15.1"
  
  "@babel/plugin-transform-reserved-words@^7.18.6":
    version "7.18.6"
    resolved "https://registry.yarnpkg.com/@babel/plugin-transform-reserved-words/-/plugin-transform-reserved-words-7.18.6.tgz#b1abd8ebf8edaa5f7fe6bbb8d2133d23b6a6f76a"
    integrity sha512-oX/4MyMoypzHjFrT1CdivfKZ+XvIPMFXwwxHp/r0Ddy2Vuomt4HDFGmft1TAY2yiTKiNSsh3kjBAzcM8kSdsjA==
    dependencies:
      "@babel/helper-plugin-utils" "^7.18.6"
  
  "@babel/plugin-transform-shorthand-properties@^7.18.6":
    version "7.18.6"
    resolved "https://registry.yarnpkg.com/@babel/plugin-transform-shorthand-properties/-/plugin-transform-shorthand-properties-7.18.6.tgz#6d6df7983d67b195289be24909e3f12a8f664dc9"
    integrity sha512-eCLXXJqv8okzg86ywZJbRn19YJHU4XUa55oz2wbHhaQVn/MM+XhukiT7SYqp/7o00dg52Rj51Ny+Ecw4oyoygw==
    dependencies:
      "@babel/helper-plugin-utils" "^7.18.6"
  
  "@babel/plugin-transform-spread@^7.20.7":
    version "7.20.7"
    resolved "https://registry.yarnpkg.com/@babel/plugin-transform-spread/-/plugin-transform-spread-7.20.7.tgz#c2d83e0b99d3bf83e07b11995ee24bf7ca09401e"
    integrity sha512-ewBbHQ+1U/VnH1fxltbJqDeWBU1oNLG8Dj11uIv3xVf7nrQu0bPGe5Rf716r7K5Qz+SqtAOVswoVunoiBtGhxw==
    dependencies:
      "@babel/helper-plugin-utils" "^7.20.2"
      "@babel/helper-skip-transparent-expression-wrappers" "^7.20.0"
  
  "@babel/plugin-transform-sticky-regex@^7.18.6":
    version "7.18.6"
    resolved "https://registry.yarnpkg.com/@babel/plugin-transform-sticky-regex/-/plugin-transform-sticky-regex-7.18.6.tgz#c6706eb2b1524028e317720339583ad0f444adcc"
    integrity sha512-kfiDrDQ+PBsQDO85yj1icueWMfGfJFKN1KCkndygtu/C9+XUfydLC8Iv5UYJqRwy4zk8EcplRxEOeLyjq1gm6Q==
    dependencies:
      "@babel/helper-plugin-utils" "^7.18.6"
  
  "@babel/plugin-transform-template-literals@^7.18.9":
    version "7.18.9"
    resolved "https://registry.yarnpkg.com/@babel/plugin-transform-template-literals/-/plugin-transform-template-literals-7.18.9.tgz#04ec6f10acdaa81846689d63fae117dd9c243a5e"
    integrity sha512-S8cOWfT82gTezpYOiVaGHrCbhlHgKhQt8XH5ES46P2XWmX92yisoZywf5km75wv5sYcXDUCLMmMxOLCtthDgMA==
    dependencies:
      "@babel/helper-plugin-utils" "^7.18.9"
  
  "@babel/plugin-transform-typeof-symbol@^7.18.9":
    version "7.18.9"
    resolved "https://registry.yarnpkg.com/@babel/plugin-transform-typeof-symbol/-/plugin-transform-typeof-symbol-7.18.9.tgz#c8cea68263e45addcd6afc9091429f80925762c0"
    integrity sha512-SRfwTtF11G2aemAZWivL7PD+C9z52v9EvMqH9BuYbabyPuKUvSWks3oCg6041pT925L4zVFqaVBeECwsmlguEw==
    dependencies:
      "@babel/helper-plugin-utils" "^7.18.9"
  
  "@babel/plugin-transform-unicode-escapes@^7.21.5":
    version "7.21.5"
    resolved "https://registry.yarnpkg.com/@babel/plugin-transform-unicode-escapes/-/plugin-transform-unicode-escapes-7.21.5.tgz#1e55ed6195259b0e9061d81f5ef45a9b009fb7f2"
    integrity sha512-LYm/gTOwZqsYohlvFUe/8Tujz75LqqVC2w+2qPHLR+WyWHGCZPN1KBpJCJn+4Bk4gOkQy/IXKIge6az5MqwlOg==
    dependencies:
      "@babel/helper-plugin-utils" "^7.21.5"
  
  "@babel/plugin-transform-unicode-property-regex@^7.22.0":
    version "7.22.3"
    resolved "https://registry.yarnpkg.com/@babel/plugin-transform-unicode-property-regex/-/plugin-transform-unicode-property-regex-7.22.3.tgz#597b6a614dc93eaae605ee293e674d79d32eb380"
    integrity sha512-5ScJ+OmdX+O6HRuMGW4kv7RL9vIKdtdAj9wuWUKy1wbHY3jaM/UlyIiC1G7J6UJiiyMukjjK0QwL3P0vBd0yYg==
    dependencies:
      "@babel/helper-create-regexp-features-plugin" "^7.22.1"
      "@babel/helper-plugin-utils" "^7.21.5"
  
  "@babel/plugin-transform-unicode-regex@^7.18.6":
    version "7.18.6"
    resolved "https://registry.yarnpkg.com/@babel/plugin-transform-unicode-regex/-/plugin-transform-unicode-regex-7.18.6.tgz#194317225d8c201bbae103364ffe9e2cea36cdca"
    integrity sha512-gE7A6Lt7YLnNOL3Pb9BNeZvi+d8l7tcRrG4+pwJjK9hD2xX4mEvjlQW60G9EEmfXVYRPv9VRQcyegIVHCql/AA==
    dependencies:
      "@babel/helper-create-regexp-features-plugin" "^7.18.6"
      "@babel/helper-plugin-utils" "^7.18.6"
  
  "@babel/plugin-transform-unicode-sets-regex@^7.22.0":
    version "7.22.3"
    resolved "https://registry.yarnpkg.com/@babel/plugin-transform-unicode-sets-regex/-/plugin-transform-unicode-sets-regex-7.22.3.tgz#7c14ee33fa69782b0101d0f7143d3fc73ce00700"
    integrity sha512-hNufLdkF8vqywRp+P55j4FHXqAX2LRUccoZHH7AFn1pq5ZOO2ISKW9w13bFZVjBoTqeve2HOgoJCcaziJVhGNw==
    dependencies:
      "@babel/helper-create-regexp-features-plugin" "^7.22.1"
      "@babel/helper-plugin-utils" "^7.21.5"
  
  "@babel/preset-env@^7.11.5":
    version "7.22.2"
    resolved "https://registry.yarnpkg.com/@babel/preset-env/-/preset-env-7.22.2.tgz#cefeabcb22abb098f6dda52b8b9b107374892cfd"
    integrity sha512-UPNK9pgphMULvA2EMKIWHU90C47PKyuvQ8pE1MzH7l9PgFcRabdrHhlePpBuWxYZQ+TziP2nycKoI5C1Yhdm9Q==
    dependencies:
      "@babel/compat-data" "^7.22.0"
      "@babel/helper-compilation-targets" "^7.22.1"
      "@babel/helper-plugin-utils" "^7.21.5"
      "@babel/helper-validator-option" "^7.21.0"
      "@babel/plugin-bugfix-safari-id-destructuring-collision-in-function-expression" "^7.18.6"
      "@babel/plugin-bugfix-v8-spread-parameters-in-optional-chaining" "^7.22.0"
      "@babel/plugin-proposal-private-property-in-object" "^7.21.0"
      "@babel/plugin-syntax-async-generators" "^7.8.4"
      "@babel/plugin-syntax-class-properties" "^7.12.13"
      "@babel/plugin-syntax-class-static-block" "^7.14.5"
      "@babel/plugin-syntax-dynamic-import" "^7.8.3"
      "@babel/plugin-syntax-export-namespace-from" "^7.8.3"
      "@babel/plugin-syntax-import-assertions" "^7.20.0"
      "@babel/plugin-syntax-import-attributes" "^7.22.0"
      "@babel/plugin-syntax-import-meta" "^7.10.4"
      "@babel/plugin-syntax-json-strings" "^7.8.3"
      "@babel/plugin-syntax-logical-assignment-operators" "^7.10.4"
      "@babel/plugin-syntax-nullish-coalescing-operator" "^7.8.3"
      "@babel/plugin-syntax-numeric-separator" "^7.10.4"
      "@babel/plugin-syntax-object-rest-spread" "^7.8.3"
      "@babel/plugin-syntax-optional-catch-binding" "^7.8.3"
      "@babel/plugin-syntax-optional-chaining" "^7.8.3"
      "@babel/plugin-syntax-private-property-in-object" "^7.14.5"
      "@babel/plugin-syntax-top-level-await" "^7.14.5"
      "@babel/plugin-syntax-unicode-sets-regex" "^7.18.6"
      "@babel/plugin-transform-arrow-functions" "^7.21.5"
      "@babel/plugin-transform-async-generator-functions" "^7.22.0"
      "@babel/plugin-transform-async-to-generator" "^7.20.7"
      "@babel/plugin-transform-block-scoped-functions" "^7.18.6"
      "@babel/plugin-transform-block-scoping" "^7.21.0"
      "@babel/plugin-transform-class-properties" "^7.22.0"
      "@babel/plugin-transform-class-static-block" "^7.22.0"
      "@babel/plugin-transform-classes" "^7.21.0"
      "@babel/plugin-transform-computed-properties" "^7.21.5"
      "@babel/plugin-transform-destructuring" "^7.21.3"
      "@babel/plugin-transform-dotall-regex" "^7.18.6"
      "@babel/plugin-transform-duplicate-keys" "^7.18.9"
      "@babel/plugin-transform-dynamic-import" "^7.22.1"
      "@babel/plugin-transform-exponentiation-operator" "^7.18.6"
      "@babel/plugin-transform-export-namespace-from" "^7.22.0"
      "@babel/plugin-transform-for-of" "^7.21.5"
      "@babel/plugin-transform-function-name" "^7.18.9"
      "@babel/plugin-transform-json-strings" "^7.22.0"
      "@babel/plugin-transform-literals" "^7.18.9"
      "@babel/plugin-transform-logical-assignment-operators" "^7.22.0"
      "@babel/plugin-transform-member-expression-literals" "^7.18.6"
      "@babel/plugin-transform-modules-amd" "^7.20.11"
      "@babel/plugin-transform-modules-commonjs" "^7.21.5"
      "@babel/plugin-transform-modules-systemjs" "^7.22.0"
      "@babel/plugin-transform-modules-umd" "^7.18.6"
      "@babel/plugin-transform-named-capturing-groups-regex" "^7.22.0"
      "@babel/plugin-transform-new-target" "^7.22.0"
      "@babel/plugin-transform-nullish-coalescing-operator" "^7.22.0"
      "@babel/plugin-transform-numeric-separator" "^7.22.0"
      "@babel/plugin-transform-object-rest-spread" "^7.22.0"
      "@babel/plugin-transform-object-super" "^7.18.6"
      "@babel/plugin-transform-optional-catch-binding" "^7.22.0"
      "@babel/plugin-transform-optional-chaining" "^7.22.0"
      "@babel/plugin-transform-parameters" "^7.22.0"
      "@babel/plugin-transform-private-methods" "^7.22.0"
      "@babel/plugin-transform-private-property-in-object" "^7.22.0"
      "@babel/plugin-transform-property-literals" "^7.18.6"
      "@babel/plugin-transform-regenerator" "^7.21.5"
      "@babel/plugin-transform-reserved-words" "^7.18.6"
      "@babel/plugin-transform-shorthand-properties" "^7.18.6"
      "@babel/plugin-transform-spread" "^7.20.7"
      "@babel/plugin-transform-sticky-regex" "^7.18.6"
      "@babel/plugin-transform-template-literals" "^7.18.9"
      "@babel/plugin-transform-typeof-symbol" "^7.18.9"
      "@babel/plugin-transform-unicode-escapes" "^7.21.5"
      "@babel/plugin-transform-unicode-property-regex" "^7.22.0"
      "@babel/plugin-transform-unicode-regex" "^7.18.6"
      "@babel/plugin-transform-unicode-sets-regex" "^7.22.0"
      "@babel/preset-modules" "^0.1.5"
      "@babel/types" "^7.22.0"
      babel-plugin-polyfill-corejs2 "^0.4.2"
      babel-plugin-polyfill-corejs3 "^0.8.1"
      babel-plugin-polyfill-regenerator "^0.5.0"
      core-js-compat "^3.30.2"
      semver "^6.3.0"
  
  "@babel/preset-modules@^0.1.5":
    version "0.1.5"
    resolved "https://registry.yarnpkg.com/@babel/preset-modules/-/preset-modules-0.1.5.tgz#ef939d6e7f268827e1841638dc6ff95515e115d9"
    integrity sha512-A57th6YRG7oR3cq/yt/Y84MvGgE0eJG2F1JLhKuyG+jFxEgrd/HAMJatiFtmOiZurz+0DkrvbheCLaV5f2JfjA==
    dependencies:
      "@babel/helper-plugin-utils" "^7.0.0"
      "@babel/plugin-proposal-unicode-property-regex" "^7.4.4"
      "@babel/plugin-transform-dotall-regex" "^7.4.4"
      "@babel/types" "^7.4.4"
      esutils "^2.0.2"
  
  "@babel/regjsgen@^0.8.0":
    version "0.8.0"
    resolved "https://registry.yarnpkg.com/@babel/regjsgen/-/regjsgen-0.8.0.tgz#f0ba69b075e1f05fb2825b7fad991e7adbb18310"
    integrity sha512-x/rqGMdzj+fWZvCOYForTghzbtqPDZ5gPwaoNGHdgDfF2QA/XZbCBp4Moo5scrkAMPhB7z26XM/AaHuIJdgauA==
  
  "@babel/runtime@^7.8.4":
    version "7.22.3"
    resolved "https://registry.yarnpkg.com/@babel/runtime/-/runtime-7.22.3.tgz#0a7fce51d43adbf0f7b517a71f4c3aaca92ebcbb"
    integrity sha512-XsDuspWKLUsxwCp6r7EhsExHtYfbe5oAGQ19kqngTdCPUoPQzOPdUbD/pB9PJiwb2ptYKQDjSJT3R6dC+EPqfQ==
    dependencies:
      regenerator-runtime "^0.13.11"
  
  "@babel/template@^7.18.10", "@babel/template@^7.20.7", "@babel/template@^7.21.9":
    version "7.21.9"
    resolved "https://registry.yarnpkg.com/@babel/template/-/template-7.21.9.tgz#bf8dad2859130ae46088a99c1f265394877446fb"
    integrity sha512-MK0X5k8NKOuWRamiEfc3KEJiHMTkGZNUjzMipqCGDDc6ijRl/B7RGSKVGncu4Ro/HdyzzY6cmoXuKI2Gffk7vQ==
    dependencies:
      "@babel/code-frame" "^7.21.4"
      "@babel/parser" "^7.21.9"
      "@babel/types" "^7.21.5"
  
  "@babel/traverse@^7.20.5", "@babel/traverse@^7.22.1":
    version "7.22.1"
    resolved "https://registry.yarnpkg.com/@babel/traverse/-/traverse-7.22.1.tgz#bd22c50b1439cfcfc2fa137b7fdf6c06787456e9"
    integrity sha512-lAWkdCoUFnmwLBhIRLciFntGYsIIoC6vIbN8zrLPqBnJmPu7Z6nzqnKd7FsxQUNAvZfVZ0x6KdNvNp8zWIOHSQ==
    dependencies:
      "@babel/code-frame" "^7.21.4"
      "@babel/generator" "^7.22.0"
      "@babel/helper-environment-visitor" "^7.22.1"
      "@babel/helper-function-name" "^7.21.0"
      "@babel/helper-hoist-variables" "^7.18.6"
      "@babel/helper-split-export-declaration" "^7.18.6"
      "@babel/parser" "^7.22.0"
      "@babel/types" "^7.22.0"
      debug "^4.1.0"
      globals "^11.1.0"
  
  "@babel/types@^7.18.6", "@babel/types@^7.18.9", "@babel/types@^7.20.0", "@babel/types@^7.20.5", "@babel/types@^7.21.0", "@babel/types@^7.21.4", "@babel/types@^7.21.5", "@babel/types@^7.22.0", "@babel/types@^7.22.3", "@babel/types@^7.4.4":
    version "7.22.3"
    resolved "https://registry.yarnpkg.com/@babel/types/-/types-7.22.3.tgz#0cc6af178b91490acaeb4a2f70dcbf27cdf3d8f3"
    integrity sha512-P3na3xIQHTKY4L0YOG7pM8M8uoUIB910WQaSiiMCZUC2Cy8XFEQONGABFnHWBa2gpGKODTAJcNhi5Zk0sLRrzg==
    dependencies:
      "@babel/helper-string-parser" "^7.21.5"
      "@babel/helper-validator-identifier" "^7.19.1"
      to-fast-properties "^2.0.0"
  
  "@gulp-sourcemaps/identity-map@1.X":
    version "1.0.2"
    resolved "https://registry.yarnpkg.com/@gulp-sourcemaps/identity-map/-/identity-map-1.0.2.tgz#1e6fe5d8027b1f285dc0d31762f566bccd73d5a9"
    integrity sha512-ciiioYMLdo16ShmfHBXJBOFm3xPC4AuwO4xeRpFeHz7WK9PYsWCmigagG2XyzZpubK4a3qNKoUBDhbzHfa50LQ==
    dependencies:
      acorn "^5.0.3"
      css "^2.2.1"
      normalize-path "^2.1.1"
      source-map "^0.6.0"
      through2 "^2.0.3"
  
  "@gulp-sourcemaps/map-sources@1.X":
    version "1.0.0"
    resolved "https://registry.yarnpkg.com/@gulp-sourcemaps/map-sources/-/map-sources-1.0.0.tgz#890ae7c5d8c877f6d384860215ace9d7ec945bda"
    integrity sha512-o/EatdaGt8+x2qpb0vFLC/2Gug/xYPRXb6a+ET1wGYKozKN3krDWC/zZFZAtrzxJHuDL12mwdfEFKcKMNvc55A==
    dependencies:
      normalize-path "^2.0.1"
      through2 "^2.0.3"
  
  "@jridgewell/gen-mapping@^0.3.0", "@jridgewell/gen-mapping@^0.3.2":
    version "0.3.3"
    resolved "https://registry.yarnpkg.com/@jridgewell/gen-mapping/-/gen-mapping-0.3.3.tgz#7e02e6eb5df901aaedb08514203b096614024098"
    integrity sha512-HLhSWOLRi875zjjMG/r+Nv0oCW8umGb0BgEhyX3dDX3egwZtB8PqLnjz3yedt8R5StBrzcg4aBpnh8UA9D1BoQ==
    dependencies:
      "@jridgewell/set-array" "^1.0.1"
      "@jridgewell/sourcemap-codec" "^1.4.10"
      "@jridgewell/trace-mapping" "^0.3.9"
  
  "@jridgewell/resolve-uri@3.1.0":
    version "3.1.0"
    resolved "https://registry.yarnpkg.com/@jridgewell/resolve-uri/-/resolve-uri-3.1.0.tgz#2203b118c157721addfe69d47b70465463066d78"
    integrity sha512-F2msla3tad+Mfht5cJq7LSXcdudKTWCVYUgw6pLFOOHSTtZlj6SWNYAp+AhuqLmWdBO2X5hPrLcu8cVP8fy28w==
  
  "@jridgewell/set-array@^1.0.1":
    version "1.1.2"
    resolved "https://registry.yarnpkg.com/@jridgewell/set-array/-/set-array-1.1.2.tgz#7c6cf998d6d20b914c0a55a91ae928ff25965e72"
    integrity sha512-xnkseuNADM0gt2bs+BvhO0p78Mk762YnZdsuzFV018NoG1Sj1SCQvpSqa7XUaTam5vAGasABV9qXASMKnFMwMw==
  
  "@jridgewell/sourcemap-codec@1.4.14":
    version "1.4.14"
    resolved "https://registry.yarnpkg.com/@jridgewell/sourcemap-codec/-/sourcemap-codec-1.4.14.tgz#add4c98d341472a289190b424efbdb096991bb24"
    integrity sha512-XPSJHWmi394fuUuzDnGz1wiKqWfo1yXecHQMRf2l6hztTO+nPru658AyDngaBe7isIxEkRsPR3FZh+s7iVa4Uw==
  
  "@jridgewell/sourcemap-codec@^1.4.10":
    version "1.4.15"
    resolved "https://registry.yarnpkg.com/@jridgewell/sourcemap-codec/-/sourcemap-codec-1.4.15.tgz#d7c6e6755c78567a951e04ab52ef0fd26de59f32"
    integrity sha512-eF2rxCRulEKXHTRiDrDy6erMYWqNw4LPdQ8UQA4huuxaQsVeRPFl2oM8oDGxMFhJUWZf9McpLtJasDDZb/Bpeg==
  
  "@jridgewell/trace-mapping@^0.3.17", "@jridgewell/trace-mapping@^0.3.9":
    version "0.3.18"
    resolved "https://registry.yarnpkg.com/@jridgewell/trace-mapping/-/trace-mapping-0.3.18.tgz#25783b2086daf6ff1dcb53c9249ae480e4dd4cd6"
    integrity sha512-w+niJYzMHdd7USdiH2U6869nqhD2nbfZXND5Yp93qIbEmnDNk7PD48o+YchRVpzMU7M6jVCbenTR7PA1FLQ9pA==
    dependencies:
      "@jridgewell/resolve-uri" "3.1.0"
      "@jridgewell/sourcemap-codec" "1.4.14"
  
  "@socket.io/component-emitter@~3.1.0":
    version "3.1.0"
    resolved "https://registry.yarnpkg.com/@socket.io/component-emitter/-/component-emitter-3.1.0.tgz#96116f2a912e0c02817345b3c10751069920d553"
    integrity sha512-+9jVqKhRSpsc591z5vX+X5Yyw+he/HCB4iQ/RYxw35CEPaY1gnsNE43nf9n9AaYjAQrTiI/mOwKUKdUs9vf7Xg==
  
  "@types/babel-types@*", "@types/babel-types@^7.0.0":
    version "7.0.11"
    resolved "https://registry.yarnpkg.com/@types/babel-types/-/babel-types-7.0.11.tgz#263b113fa396fac4373188d73225297fb86f19a9"
    integrity sha512-pkPtJUUY+Vwv6B1inAz55rQvivClHJxc9aVEPPmaq2cbyeMLCiDpbKpcKyX4LAwpNGi+SHBv0tHv6+0gXv0P2A==
  
  "@types/babylon@^6.16.2":
    version "6.16.6"
    resolved "https://registry.yarnpkg.com/@types/babylon/-/babylon-6.16.6.tgz#a1e7e01567b26a5ebad321a74d10299189d8d932"
    integrity sha512-G4yqdVlhr6YhzLXFKy5F7HtRBU8Y23+iWy7UKthMq/OSQnL1hbsoeXESQ2LY8zEDlknipDG3nRGhUC9tkwvy/w==
    dependencies:
      "@types/babel-types" "*"
  
  "@types/cookie@^0.4.1":
    version "0.4.1"
    resolved "https://registry.yarnpkg.com/@types/cookie/-/cookie-0.4.1.tgz#bfd02c1f2224567676c1545199f87c3a861d878d"
    integrity sha512-XW/Aa8APYr6jSVVA1y/DEIZX0/GMKLEVekNG727R8cs56ahETkRAy/3DR7+fJyh7oUgGwNQaRfXCun0+KbWY7Q==
  
  "@types/cors@^2.8.12":
    version "2.8.13"
    resolved "https://registry.yarnpkg.com/@types/cors/-/cors-2.8.13.tgz#b8ade22ba455a1b8cb3b5d3f35910fd204f84f94"
    integrity sha512-RG8AStHlUiV5ysZQKq97copd2UmVYw3/pRMLefISZ3S1hK104Cwm7iLQ3fTKx+lsUH2CE8FlLaYeEA2LSeqYUA==
    dependencies:
      "@types/node" "*"
  
  "@types/json-schema@^7.0.5":
    version "7.0.12"
    resolved "https://registry.yarnpkg.com/@types/json-schema/-/json-schema-7.0.12.tgz#d70faba7039d5fca54c83c7dbab41051d2b6f6cb"
    integrity sha512-Hr5Jfhc9eYOQNPYO5WLDq/n4jqijdHNlDXjuAQkkt+mWdQR+XJToOHrsD4cPaMXpn6KO7y2+wM8AZEs8VpBLVA==
  
  "@types/node@*", "@types/node@>=10.0.0":
    version "20.2.5"
    resolved "https://registry.yarnpkg.com/@types/node/-/node-20.2.5.tgz#26d295f3570323b2837d322180dfbf1ba156fefb"
    integrity sha512-JJulVEQXmiY9Px5axXHeYGLSjhkZEnD+MDPDGbCbIAbMslkKwmygtZFy1X6s/075Yo94sf8GuSlFfPzysQrWZQ==
  
  "@types/pug@^2.0.4":
    version "2.0.6"
    resolved "https://registry.yarnpkg.com/@types/pug/-/pug-2.0.6.tgz#f830323c88172e66826d0bde413498b61054b5a6"
    integrity sha512-SnHmG9wN1UVmagJOnyo/qkk0Z7gejYxOYYmaAwr5u2yFYfsupN3sg10kyzN8Hep/2zbHxCnsumxOoRIRMBwKCg==
  
  "@webassemblyjs/ast@1.9.0":
    version "1.9.0"
    resolved "https://registry.yarnpkg.com/@webassemblyjs/ast/-/ast-1.9.0.tgz#bd850604b4042459a5a41cd7d338cbed695ed964"
    integrity sha512-C6wW5L+b7ogSDVqymbkkvuW9kruN//YisMED04xzeBBqjHa2FYnmvOlS6Xj68xWQRgWvI9cIglsjFowH/RJyEA==
    dependencies:
      "@webassemblyjs/helper-module-context" "1.9.0"
      "@webassemblyjs/helper-wasm-bytecode" "1.9.0"
      "@webassemblyjs/wast-parser" "1.9.0"
  
  "@webassemblyjs/floating-point-hex-parser@1.9.0":
    version "1.9.0"
    resolved "https://registry.yarnpkg.com/@webassemblyjs/floating-point-hex-parser/-/floating-point-hex-parser-1.9.0.tgz#3c3d3b271bddfc84deb00f71344438311d52ffb4"
    integrity sha512-TG5qcFsS8QB4g4MhrxK5TqfdNe7Ey/7YL/xN+36rRjl/BlGE/NcBvJcqsRgCP6Z92mRE+7N50pRIi8SmKUbcQA==
  
  "@webassemblyjs/helper-api-error@1.9.0":
    version "1.9.0"
    resolved "https://registry.yarnpkg.com/@webassemblyjs/helper-api-error/-/helper-api-error-1.9.0.tgz#203f676e333b96c9da2eeab3ccef33c45928b6a2"
    integrity sha512-NcMLjoFMXpsASZFxJ5h2HZRcEhDkvnNFOAKneP5RbKRzaWJN36NC4jqQHKwStIhGXu5mUWlUUk7ygdtrO8lbmw==
  
  "@webassemblyjs/helper-buffer@1.9.0":
    version "1.9.0"
    resolved "https://registry.yarnpkg.com/@webassemblyjs/helper-buffer/-/helper-buffer-1.9.0.tgz#a1442d269c5feb23fcbc9ef759dac3547f29de00"
    integrity sha512-qZol43oqhq6yBPx7YM3m9Bv7WMV9Eevj6kMi6InKOuZxhw+q9hOkvq5e/PpKSiLfyetpaBnogSbNCfBwyB00CA==
  
  "@webassemblyjs/helper-code-frame@1.9.0":
    version "1.9.0"
    resolved "https://registry.yarnpkg.com/@webassemblyjs/helper-code-frame/-/helper-code-frame-1.9.0.tgz#647f8892cd2043a82ac0c8c5e75c36f1d9159f27"
    integrity sha512-ERCYdJBkD9Vu4vtjUYe8LZruWuNIToYq/ME22igL+2vj2dQ2OOujIZr3MEFvfEaqKoVqpsFKAGsRdBSBjrIvZA==
    dependencies:
      "@webassemblyjs/wast-printer" "1.9.0"
  
  "@webassemblyjs/helper-fsm@1.9.0":
    version "1.9.0"
    resolved "https://registry.yarnpkg.com/@webassemblyjs/helper-fsm/-/helper-fsm-1.9.0.tgz#c05256b71244214671f4b08ec108ad63b70eddb8"
    integrity sha512-OPRowhGbshCb5PxJ8LocpdX9Kl0uB4XsAjl6jH/dWKlk/mzsANvhwbiULsaiqT5GZGT9qinTICdj6PLuM5gslw==
  
  "@webassemblyjs/helper-module-context@1.9.0":
    version "1.9.0"
    resolved "https://registry.yarnpkg.com/@webassemblyjs/helper-module-context/-/helper-module-context-1.9.0.tgz#25d8884b76839871a08a6c6f806c3979ef712f07"
    integrity sha512-MJCW8iGC08tMk2enck1aPW+BE5Cw8/7ph/VGZxwyvGbJwjktKkDK7vy7gAmMDx88D7mhDTCNKAW5tED+gZ0W8g==
    dependencies:
      "@webassemblyjs/ast" "1.9.0"
  
  "@webassemblyjs/helper-wasm-bytecode@1.9.0":
    version "1.9.0"
    resolved "https://registry.yarnpkg.com/@webassemblyjs/helper-wasm-bytecode/-/helper-wasm-bytecode-1.9.0.tgz#4fed8beac9b8c14f8c58b70d124d549dd1fe5790"
    integrity sha512-R7FStIzyNcd7xKxCZH5lE0Bqy+hGTwS3LJjuv1ZVxd9O7eHCedSdrId/hMOd20I+v8wDXEn+bjfKDLzTepoaUw==
  
  "@webassemblyjs/helper-wasm-section@1.9.0":
    version "1.9.0"
    resolved "https://registry.yarnpkg.com/@webassemblyjs/helper-wasm-section/-/helper-wasm-section-1.9.0.tgz#5a4138d5a6292ba18b04c5ae49717e4167965346"
    integrity sha512-XnMB8l3ek4tvrKUUku+IVaXNHz2YsJyOOmz+MMkZvh8h1uSJpSen6vYnw3IoQ7WwEuAhL8Efjms1ZWjqh2agvw==
    dependencies:
      "@webassemblyjs/ast" "1.9.0"
      "@webassemblyjs/helper-buffer" "1.9.0"
      "@webassemblyjs/helper-wasm-bytecode" "1.9.0"
      "@webassemblyjs/wasm-gen" "1.9.0"
  
  "@webassemblyjs/ieee754@1.9.0":
    version "1.9.0"
    resolved "https://registry.yarnpkg.com/@webassemblyjs/ieee754/-/ieee754-1.9.0.tgz#15c7a0fbaae83fb26143bbacf6d6df1702ad39e4"
    integrity sha512-dcX8JuYU/gvymzIHc9DgxTzUUTLexWwt8uCTWP3otys596io0L5aW02Gb1RjYpx2+0Jus1h4ZFqjla7umFniTg==
    dependencies:
      "@xtuc/ieee754" "^1.2.0"
  
  "@webassemblyjs/leb128@1.9.0":
    version "1.9.0"
    resolved "https://registry.yarnpkg.com/@webassemblyjs/leb128/-/leb128-1.9.0.tgz#f19ca0b76a6dc55623a09cffa769e838fa1e1c95"
    integrity sha512-ENVzM5VwV1ojs9jam6vPys97B/S65YQtv/aanqnU7D8aSoHFX8GyhGg0CMfyKNIHBuAVjy3tlzd5QMMINa7wpw==
    dependencies:
      "@xtuc/long" "4.2.2"
  
  "@webassemblyjs/utf8@1.9.0":
    version "1.9.0"
    resolved "https://registry.yarnpkg.com/@webassemblyjs/utf8/-/utf8-1.9.0.tgz#04d33b636f78e6a6813227e82402f7637b6229ab"
    integrity sha512-GZbQlWtopBTP0u7cHrEx+73yZKrQoBMpwkGEIqlacljhXCkVM1kMQge/Mf+csMJAjEdSwhOyLAS0AoR3AG5P8w==
  
  "@webassemblyjs/wasm-edit@1.9.0":
    version "1.9.0"
    resolved "https://registry.yarnpkg.com/@webassemblyjs/wasm-edit/-/wasm-edit-1.9.0.tgz#3fe6d79d3f0f922183aa86002c42dd256cfee9cf"
    integrity sha512-FgHzBm80uwz5M8WKnMTn6j/sVbqilPdQXTWraSjBwFXSYGirpkSWE2R9Qvz9tNiTKQvoKILpCuTjBKzOIm0nxw==
    dependencies:
      "@webassemblyjs/ast" "1.9.0"
      "@webassemblyjs/helper-buffer" "1.9.0"
      "@webassemblyjs/helper-wasm-bytecode" "1.9.0"
      "@webassemblyjs/helper-wasm-section" "1.9.0"
      "@webassemblyjs/wasm-gen" "1.9.0"
      "@webassemblyjs/wasm-opt" "1.9.0"
      "@webassemblyjs/wasm-parser" "1.9.0"
      "@webassemblyjs/wast-printer" "1.9.0"
  
  "@webassemblyjs/wasm-gen@1.9.0":
    version "1.9.0"
    resolved "https://registry.yarnpkg.com/@webassemblyjs/wasm-gen/-/wasm-gen-1.9.0.tgz#50bc70ec68ded8e2763b01a1418bf43491a7a49c"
    integrity sha512-cPE3o44YzOOHvlsb4+E9qSqjc9Qf9Na1OO/BHFy4OI91XDE14MjFN4lTMezzaIWdPqHnsTodGGNP+iRSYfGkjA==
    dependencies:
      "@webassemblyjs/ast" "1.9.0"
      "@webassemblyjs/helper-wasm-bytecode" "1.9.0"
      "@webassemblyjs/ieee754" "1.9.0"
      "@webassemblyjs/leb128" "1.9.0"
      "@webassemblyjs/utf8" "1.9.0"
  
  "@webassemblyjs/wasm-opt@1.9.0":
    version "1.9.0"
    resolved "https://registry.yarnpkg.com/@webassemblyjs/wasm-opt/-/wasm-opt-1.9.0.tgz#2211181e5b31326443cc8112eb9f0b9028721a61"
    integrity sha512-Qkjgm6Anhm+OMbIL0iokO7meajkzQD71ioelnfPEj6r4eOFuqm4YC3VBPqXjFyyNwowzbMD+hizmprP/Fwkl2A==
    dependencies:
      "@webassemblyjs/ast" "1.9.0"
      "@webassemblyjs/helper-buffer" "1.9.0"
      "@webassemblyjs/wasm-gen" "1.9.0"
      "@webassemblyjs/wasm-parser" "1.9.0"
  
  "@webassemblyjs/wasm-parser@1.9.0":
    version "1.9.0"
    resolved "https://registry.yarnpkg.com/@webassemblyjs/wasm-parser/-/wasm-parser-1.9.0.tgz#9d48e44826df4a6598294aa6c87469d642fff65e"
    integrity sha512-9+wkMowR2AmdSWQzsPEjFU7njh8HTO5MqO8vjwEHuM+AMHioNqSBONRdr0NQQ3dVQrzp0s8lTcYqzUdb7YgELA==
    dependencies:
      "@webassemblyjs/ast" "1.9.0"
      "@webassemblyjs/helper-api-error" "1.9.0"
      "@webassemblyjs/helper-wasm-bytecode" "1.9.0"
      "@webassemblyjs/ieee754" "1.9.0"
      "@webassemblyjs/leb128" "1.9.0"
      "@webassemblyjs/utf8" "1.9.0"
  
  "@webassemblyjs/wast-parser@1.9.0":
    version "1.9.0"
    resolved "https://registry.yarnpkg.com/@webassemblyjs/wast-parser/-/wast-parser-1.9.0.tgz#3031115d79ac5bd261556cecc3fa90a3ef451914"
    integrity sha512-qsqSAP3QQ3LyZjNC/0jBJ/ToSxfYJ8kYyuiGvtn/8MK89VrNEfwj7BPQzJVHi0jGTRK2dGdJ5PRqhtjzoww+bw==
    dependencies:
      "@webassemblyjs/ast" "1.9.0"
      "@webassemblyjs/floating-point-hex-parser" "1.9.0"
      "@webassemblyjs/helper-api-error" "1.9.0"
      "@webassemblyjs/helper-code-frame" "1.9.0"
      "@webassemblyjs/helper-fsm" "1.9.0"
      "@xtuc/long" "4.2.2"
  
  "@webassemblyjs/wast-printer@1.9.0":
    version "1.9.0"
    resolved "https://registry.yarnpkg.com/@webassemblyjs/wast-printer/-/wast-printer-1.9.0.tgz#4935d54c85fef637b00ce9f52377451d00d47899"
    integrity sha512-2J0nE95rHXHyQ24cWjMKJ1tqB/ds8z/cyeOZxJhcb+rW+SQASVjuznUSmdz5GpVJTzU8JkhYut0D3siFDD6wsA==
    dependencies:
      "@webassemblyjs/ast" "1.9.0"
      "@webassemblyjs/wast-parser" "1.9.0"
      "@xtuc/long" "4.2.2"
  
  "@xtuc/ieee754@^1.2.0":
    version "1.2.0"
    resolved "https://registry.yarnpkg.com/@xtuc/ieee754/-/ieee754-1.2.0.tgz#eef014a3145ae477a1cbc00cd1e552336dceb790"
    integrity sha512-DX8nKgqcGwsc0eJSqYt5lwP4DH5FlHnmuWWBRy7X0NcaGR0ZtuyeESgMwTYVEtxmsNGY+qit4QYT/MIYTOTPeA==
  
  "@xtuc/long@4.2.2":
    version "4.2.2"
    resolved "https://registry.yarnpkg.com/@xtuc/long/-/long-4.2.2.tgz#d291c6a4e97989b5c61d9acf396ae4fe133a718d"
    integrity sha512-NuHqBY1PB/D8xU6s/thBgOAiAP7HOYDQ32+BFZILJ8ivkUkAHQnWfn6WhL79Owj1qmUnoN/YPhktdIoucipkAQ==
  
  abbrev@1:
    version "1.1.1"
    resolved "https://registry.yarnpkg.com/abbrev/-/abbrev-1.1.1.tgz#f8f2c887ad10bf67f634f005b6987fed3179aac8"
    integrity sha512-nne9/IiQ/hzIhY6pdDnbBtz7DjPTKrY00P/zvPSm5pOFkl6xuGrGnXn/VtTNNfNtAfZ9/1RtehkszU9qcTii0Q==
  
  accepts@~1.3.4:
    version "1.3.8"
    resolved "https://registry.yarnpkg.com/accepts/-/accepts-1.3.8.tgz#0bf0be125b67014adcb0b0921e62db7bffe16b2e"
    integrity sha512-PYAthTa2m2VKxuvSD3DPC/Gy+U+sOA1LAuT8mkmRuvw+NACSaeXEQ+NHcVF7rONl6qcaxV3Uuemwawk+7+SJLw==
    dependencies:
      mime-types "~2.1.34"
      negotiator "0.6.3"
  
  acorn-globals@^3.0.0:
    version "3.1.0"
    resolved "https://registry.yarnpkg.com/acorn-globals/-/acorn-globals-3.1.0.tgz#fd8270f71fbb4996b004fa880ee5d46573a731bf"
    integrity sha512-uWttZCk96+7itPxK8xCzY86PnxKTMrReKDqrHzv42VQY0K30PUO8WY13WMOuI+cOdX4EIdzdvQ8k6jkuGRFMYw==
    dependencies:
      acorn "^4.0.4"
  
  acorn@5.X, acorn@^5.0.3:
    version "5.7.4"
    resolved "https://registry.yarnpkg.com/acorn/-/acorn-5.7.4.tgz#3e8d8a9947d0599a1796d10225d7432f4a4acf5e"
    integrity sha512-1D++VG7BhrtvQpNbBzovKNc1FLGGEE/oGe7b9xJm/RFHMBeUaUGpluV9RLjZa47YFdPcDAenEYuq9pQPcMdLJg==
  
  acorn@^3.1.0:
    version "3.3.0"
    resolved "https://registry.yarnpkg.com/acorn/-/acorn-3.3.0.tgz#45e37fb39e8da3f25baee3ff5369e2bb5f22017a"
    integrity sha512-OLUyIIZ7mF5oaAUT1w0TFqQS81q3saT46x8t7ukpPjMNk+nbs4ZHhs7ToV8EWnLYLepjETXd4XaCE4uxkMeqUw==
  
  acorn@^4.0.4, acorn@~4.0.2:
    version "4.0.13"
    resolved "https://registry.yarnpkg.com/acorn/-/acorn-4.0.13.tgz#105495ae5361d697bd195c825192e1ad7f253787"
    integrity sha512-fu2ygVGuMmlzG8ZeRJ0bvR41nsAkxxhbyk8bZ1SS521Z7vmgJFTQQlfz/Mp/nJexGBz+v8sC9bM6+lNgskt4Ug==
  
  acorn@^6.4.1:
    version "6.4.2"
    resolved "https://registry.yarnpkg.com/acorn/-/acorn-6.4.2.tgz#35866fd710528e92de10cf06016498e47e39e1e6"
    integrity sha512-XtGIhXwF8YM8bJhGxG5kXgjkEuNGLTkoYqVE+KMR+aspr4KGYmKYg7yUe3KghyQ9yheNwLnjmzh/7+gfDBmHCQ==
  
  ajv-errors@^1.0.0:
    version "1.0.1"
    resolved "https://registry.yarnpkg.com/ajv-errors/-/ajv-errors-1.0.1.tgz#f35986aceb91afadec4102fbd85014950cefa64d"
    integrity sha512-DCRfO/4nQ+89p/RK43i8Ezd41EqdGIU4ld7nGF8OQ14oc/we5rEntLCUa7+jrn3nn83BosfwZA0wb4pon2o8iQ==
  
  ajv-keywords@^3.1.0, ajv-keywords@^3.4.1, ajv-keywords@^3.5.2:
    version "3.5.2"
    resolved "https://registry.yarnpkg.com/ajv-keywords/-/ajv-keywords-3.5.2.tgz#31f29da5ab6e00d1c2d329acf7b5929614d5014d"
    integrity sha512-5p6WTN0DdTGVQk6VjcEju19IgaHudalcfabD7yhDGeA6bcQnmL+CpveLJq/3hvfwd1aof6L386Ougkx6RfyMIQ==
  
  ajv@^6.1.0, ajv@^6.10.2, ajv@^6.12.3, ajv@^6.12.4:
    version "6.12.6"
    resolved "https://registry.yarnpkg.com/ajv/-/ajv-6.12.6.tgz#baf5a62e802b07d977034586f8c3baf5adf26df4"
    integrity sha512-j3fVLgvTo527anyYyJOGTYJbG+vnnQYvE0m5mmkc1TK+nxAppkCLMIL0aZ4dblVCNoGShhm+kzE4ZUykBoMg4g==
    dependencies:
      fast-deep-equal "^3.1.1"
      fast-json-stable-stringify "^2.0.0"
      json-schema-traverse "^0.4.1"
      uri-js "^4.2.2"
  
  align-text@^0.1.1, align-text@^0.1.3:
    version "0.1.4"
    resolved "https://registry.yarnpkg.com/align-text/-/align-text-0.1.4.tgz#0cd90a561093f35d0a99256c22b7069433fad117"
    integrity sha512-GrTZLRpmp6wIC2ztrWW9MjjTgSKccffgFagbNDOX95/dcjEcYZibYTeaOntySQLcdw1ztBoFkviiUvTMbb9MYg==
    dependencies:
      kind-of "^3.0.2"
      longest "^1.0.1"
      repeat-string "^1.5.2"
  
  amdefine@>=0.0.4:
    version "1.0.1"
    resolved "https://registry.yarnpkg.com/amdefine/-/amdefine-1.0.1.tgz#4a5282ac164729e93619bcfd3ad151f817ce91f5"
    integrity sha512-S2Hw0TtNkMJhIabBwIojKL9YHO5T0n5eNqWJ7Lrlel/zDbftQpxpapi8tZs3X1HWa+u+QeydGmzzNU0m09+Rcg==
  
  ansi-colors@^1.0.1:
    version "1.1.0"
    resolved "https://registry.yarnpkg.com/ansi-colors/-/ansi-colors-1.1.0.tgz#6374b4dd5d4718ff3ce27a671a3b1cad077132a9"
    integrity sha512-SFKX67auSNoVR38N3L+nvsPjOE0bybKTYbkf5tRvushrAPQ9V75huw0ZxBkKVeRU9kqH3d6HA4xTckbwZ4ixmA==
    dependencies:
      ansi-wrap "^0.1.0"
  
  ansi-cyan@^0.1.1:
    version "0.1.1"
    resolved "https://registry.yarnpkg.com/ansi-cyan/-/ansi-cyan-0.1.1.tgz#538ae528af8982f28ae30d86f2f17456d2609873"
    integrity sha512-eCjan3AVo/SxZ0/MyIYRtkpxIu/H3xZN7URr1vXVrISxeyz8fUFz0FJziamK4sS8I+t35y4rHg1b2PklyBe/7A==
    dependencies:
      ansi-wrap "0.1.0"
  
  ansi-gray@^0.1.1:
    version "0.1.1"
    resolved "https://registry.yarnpkg.com/ansi-gray/-/ansi-gray-0.1.1.tgz#2962cf54ec9792c48510a3deb524436861ef7251"
    integrity sha512-HrgGIZUl8h2EHuZaU9hTR/cU5nhKxpVE1V6kdGsQ8e4zirElJ5fvtfc8N7Q1oq1aatO275i8pUFUCpNWCAnVWw==
    dependencies:
      ansi-wrap "0.1.0"
  
  ansi-red@^0.1.1:
    version "0.1.1"
    resolved "https://registry.yarnpkg.com/ansi-red/-/ansi-red-0.1.1.tgz#8c638f9d1080800a353c9c28c8a81ca4705d946c"
    integrity sha512-ewaIr5y+9CUTGFwZfpECUbFlGcC0GCw1oqR9RI6h1gQCd9Aj2GxSckCnPsVJnmfMZbwFYE+leZGASgkWl06Jow==
    dependencies:
      ansi-wrap "0.1.0"
  
  ansi-regex@^2.0.0:
    version "2.1.1"
    resolved "https://registry.yarnpkg.com/ansi-regex/-/ansi-regex-2.1.1.tgz#c3b33ab5ee360d86e0e628f0468ae7ef27d654df"
    integrity sha512-TIGnTpdo+E3+pCyAluZvtED5p5wCqLdezCyhPZzKPcxvFplEt4i+W7OONCKgeZFT3+y5NZZfOOS/Bdcanm1MYA==
  
  ansi-regex@^3.0.0:
    version "3.0.1"
    resolved "https://registry.yarnpkg.com/ansi-regex/-/ansi-regex-3.0.1.tgz#123d6479e92ad45ad897d4054e3c7ca7db4944e1"
    integrity sha512-+O9Jct8wf++lXxxFc4hc8LsjaSq0HFzzL7cVsw8pRDIPdjKD2mT4ytDZlLuSBZ4cLKZFXIrMGO7DbQCtMJJMKw==
  
  ansi-regex@^4.1.0:
    version "4.1.1"
    resolved "https://registry.yarnpkg.com/ansi-regex/-/ansi-regex-4.1.1.tgz#164daac87ab2d6f6db3a29875e2d1766582dabed"
    integrity sha512-ILlv4k/3f6vfQ4OoP2AGvirOktlQ98ZEL1k9FaQjxa3L1abBgbuTDAdPOpvbGncC0BTVQrl+OM8xZGK6tWXt7g==
  
  ansi-regex@^5.0.1:
    version "5.0.1"
    resolved "https://registry.yarnpkg.com/ansi-regex/-/ansi-regex-5.0.1.tgz#082cb2c89c9fe8659a311a53bd6a4dc5301db304"
    integrity sha512-quJQXlTSUGL2LH9SUXo8VwsY4soanhgo6LNSm84E1LBcE8s3O0wpdiRzyR9z/ZZJMlMWv37qOOb9pdJlMUEKFQ==
  
  ansi-styles@^2.2.1:
    version "2.2.1"
    resolved "https://registry.yarnpkg.com/ansi-styles/-/ansi-styles-2.2.1.tgz#b432dd3358b634cf75e1e4664368240533c1ddbe"
    integrity sha512-kmCevFghRiWM7HB5zTPULl4r9bVFSWjz62MhqizDGUrq2NWuNMQyuv4tHHoKJHs69M/MF64lEcHdYIocrdWQYA==
  
  ansi-styles@^3.2.0, ansi-styles@^3.2.1:
    version "3.2.1"
    resolved "https://registry.yarnpkg.com/ansi-styles/-/ansi-styles-3.2.1.tgz#41fbb20243e50b12be0f04b8dedbf07520ce841d"
    integrity sha512-VT0ZI6kZRdTh8YyJw3SMbYm/u+NqfsAxEpWO0Pf9sq8/e94WxxOpPKx9FR1FlyCtOVDNOQ+8ntlqFxiRc+r5qA==
    dependencies:
      color-convert "^1.9.0"
  
  ansi-styles@^4.0.0, ansi-styles@^4.1.0:
    version "4.3.0"
    resolved "https://registry.yarnpkg.com/ansi-styles/-/ansi-styles-4.3.0.tgz#edd803628ae71c04c85ae7a0906edad34b648937"
    integrity sha512-zbB9rCJAT1rbjiVDb2hqKFHNYLxgtk8NURxZ3IZwD3F6NtxbXZQCnnSi1Lkx+IDohdPlFp222wVALIheZJQSEg==
    dependencies:
      color-convert "^2.0.1"
  
  ansi-wrap@0.1.0, ansi-wrap@^0.1.0:
    version "0.1.0"
    resolved "https://registry.yarnpkg.com/ansi-wrap/-/ansi-wrap-0.1.0.tgz#a82250ddb0015e9a27ca82e82ea603bbfa45efaf"
    integrity sha512-ZyznvL8k/FZeQHr2T6LzcJ/+vBApDnMNZvfVFy3At0knswWd6rJ3/0Hhmpu8oqa6C92npmozs890sX9Dl6q+Qw==
  
  anymatch@^2.0.0:
    version "2.0.0"
    resolved "https://registry.yarnpkg.com/anymatch/-/anymatch-2.0.0.tgz#bcb24b4f37934d9aa7ac17b4adaf89e7c76ef2eb"
    integrity sha512-5teOsQWABXHHBFP9y3skS5P3d/WfWXpv3FUpy+LorMrNYaT9pI4oLMQX7jzQ2KklNpGpWHzdCXTDT2Y3XGlZBw==
    dependencies:
      micromatch "^3.1.4"
      normalize-path "^2.1.1"
  
  anymatch@~3.1.2:
    version "3.1.3"
    resolved "https://registry.yarnpkg.com/anymatch/-/anymatch-3.1.3.tgz#790c58b19ba1720a84205b57c618d5ad8524973e"
    integrity sha512-KMReFUr0B4t+D+OBkjR3KYqvocp2XaSzO55UcB6mgQMd3KbcE+mWTyvVV7D/zsdEbNnV6acZUutkiHQXvTr1Rw==
    dependencies:
      normalize-path "^3.0.0"
      picomatch "^2.0.4"
  
  append-buffer@^1.0.2:
    version "1.0.2"
    resolved "https://registry.yarnpkg.com/append-buffer/-/append-buffer-1.0.2.tgz#d8220cf466081525efea50614f3de6514dfa58f1"
    integrity sha512-WLbYiXzD3y/ATLZFufV/rZvWdZOs+Z/+5v1rBZ463Jn398pa6kcde27cvozYnBoxXblGZTFfoPpsaEw0orU5BA==
    dependencies:
      buffer-equal "^1.0.0"
  
  aproba@^1.0.3, aproba@^1.1.1:
    version "1.2.0"
    resolved "https://registry.yarnpkg.com/aproba/-/aproba-1.2.0.tgz#6802e6264efd18c790a1b0d517f0f2627bf2c94a"
    integrity sha512-Y9J6ZjXtoYh8RnXVCMOU/ttDmk1aBjunq9vO0ta5x85WDQiQfUF9sIPBITdbiiIVcBo03Hi3jMxigBtsddlXRw==
  
  archy@^1.0.0:
    version "1.0.0"
    resolved "https://registry.yarnpkg.com/archy/-/archy-1.0.0.tgz#f9c8c13757cc1dd7bc379ac77b2c62a5c2868c40"
    integrity sha512-Xg+9RwCg/0p32teKdGMPTPnVXKD0w3DfHnFTficozsAgsvq2XenPJq/MYpzzQ/v8zrOyJn6Ds39VA4JIDwFfqw==
  
  are-we-there-yet@~1.1.2:
    version "1.1.7"
    resolved "https://registry.yarnpkg.com/are-we-there-yet/-/are-we-there-yet-1.1.7.tgz#b15474a932adab4ff8a50d9adfa7e4e926f21146"
    integrity sha512-nxwy40TuMiUGqMyRHgCSWZ9FM4VAoRP4xUYSTv5ImRog+h9yISPbVH7H8fASCIzYn9wlEv4zvFL7uKDMCFQm3g==
    dependencies:
      delegates "^1.0.0"
      readable-stream "^2.0.6"
  
  arr-diff@^1.0.1:
    version "1.1.0"
    resolved "https://registry.yarnpkg.com/arr-diff/-/arr-diff-1.1.0.tgz#687c32758163588fef7de7b36fabe495eb1a399a"
    integrity sha512-OQwDZUqYaQwyyhDJHThmzId8daf4/RFNLaeh3AevmSeZ5Y7ug4Ga/yKc6l6kTZOBW781rCj103ZuTh8GAsB3+Q==
    dependencies:
      arr-flatten "^1.0.1"
      array-slice "^0.2.3"
  
  arr-diff@^4.0.0:
    version "4.0.0"
    resolved "https://registry.yarnpkg.com/arr-diff/-/arr-diff-4.0.0.tgz#d6461074febfec71e7e15235761a329a5dc7c520"
    integrity sha512-YVIQ82gZPGBebQV/a8dar4AitzCQs0jjXwMPZllpXMaGjXPYVUawSxQrRsjhjupyVxEvbHgUmIhKVlND+j02kA==
  
  arr-filter@^1.1.1:
    version "1.1.2"
    resolved "https://registry.yarnpkg.com/arr-filter/-/arr-filter-1.1.2.tgz#43fdddd091e8ef11aa4c45d9cdc18e2dff1711ee"
    integrity sha512-A2BETWCqhsecSvCkWAeVBFLH6sXEUGASuzkpjL3GR1SlL/PWL6M3J8EAAld2Uubmh39tvkJTqC9LeLHCUKmFXA==
    depen